0 info it worked if it ends with ok
1 verbose cli [ '/usr/bin/node', '/usr/bin/npm', 'i', '-g', 'pm2' ]
2 info using npm@3.5.2
3 info using node@v8.10.0
4 silly loadCurrentTree Starting
5 silly install loadCurrentTree
6 silly install readGlobalPackageData
7 silly fetchPackageMetaData pm2
8 silly fetchNamedPackageData pm2
9 silly mapToRegistry name pm2
10 silly mapToRegistry using default registry
11 silly mapToRegistry registry https://registry.npmjs.org/
12 silly mapToRegistry uri https://registry.npmjs.org/pm2
13 verbose request uri https://registry.npmjs.org/pm2
14 verbose request no auth needed
15 info attempt registry request try #1 at 5:02:53 AM
16 verbose request id ec15c78fc6aa37c7
17 verbose etag W/"4a264ea34f23b1e15abd8a6650284468"
18 verbose lastModified Mon, 25 Jul 2022 16:11:03 GMT
19 http request GET https://registry.npmjs.org/pm2
20 http 304 https://registry.npmjs.org/pm2
21 verbose headers { date: 'Sat, 01 Oct 2022 05:02:54 GMT',
21 verbose headers   connection: 'keep-alive',
21 verbose headers   'cf-ray': '7532a6127a641a1b-EWR',
21 verbose headers   'cache-control': 'public, max-age=300',
21 verbose headers   etag: '"4a264ea34f23b1e15abd8a6650284468"',
21 verbose headers   'last-modified': 'Mon, 25 Jul 2022 16:11:03 GMT',
21 verbose headers   vary: 'Accept-Encoding',
21 verbose headers   'cf-cache-status': 'REVALIDATED',
21 verbose headers   'x-amz-replication-status': 'PENDING',
21 verbose headers   server: 'cloudflare' }
22 silly get cb [ 304,
22 silly get   { date: 'Sat, 01 Oct 2022 05:02:54 GMT',
22 silly get     connection: 'keep-alive',
22 silly get     'cf-ray': '7532a6127a641a1b-EWR',
22 silly get     'cache-control': 'public, max-age=300',
22 silly get     etag: '"4a264ea34f23b1e15abd8a6650284468"',
22 silly get     'last-modified': 'Mon, 25 Jul 2022 16:11:03 GMT',
22 silly get     vary: 'Accept-Encoding',
22 silly get     'cf-cache-status': 'REVALIDATED',
22 silly get     'x-amz-replication-status': 'PENDING',
22 silly get     server: 'cloudflare' } ]
23 verbose etag https://registry.npmjs.org/pm2 from cache
24 verbose get saving pm2 to /home/raj/.npm/registry.npmjs.org/pm2/.cache.json
25 silly install normalizeTree
26 silly loadCurrentTree Finishing
27 silly loadIdealTree Starting
28 silly install loadIdealTree
29 silly cloneCurrentTree Starting
30 silly install cloneCurrentTreeToIdealTree
31 silly cloneCurrentTree Finishing
32 silly loadShrinkwrap Starting
33 silly install loadShrinkwrap
34 silly loadShrinkwrap Finishing
35 silly loadAllDepsIntoIdealTree Starting
36 silly install loadAllDepsIntoIdealTree
37 silly resolveWithNewModule pm2@5.2.0 checking installable status
38 silly cache add args [ 'pm2', null ]
39 verbose cache add spec pm2
40 silly cache add parsed spec Result {
40 silly cache add   raw: 'pm2',
40 silly cache add   scope: null,
40 silly cache add   name: 'pm2',
40 silly cache add   rawSpec: '',
40 silly cache add   spec: 'latest',
40 silly cache add   type: 'tag' }
41 silly addNamed pm2@latest
42 verbose addNamed "latest" is being treated as a dist-tag for pm2
43 info addNameTag [ 'pm2', 'latest' ]
44 silly mapToRegistry name pm2
45 silly mapToRegistry using default registry
46 silly mapToRegistry registry https://registry.npmjs.org/
47 silly mapToRegistry uri https://registry.npmjs.org/pm2
48 verbose addNameTag registry:https://registry.npmjs.org/pm2 not in flight; fetching
49 verbose get https://registry.npmjs.org/pm2 not expired, no request
50 silly addNameTag next cb for pm2 with tag latest
51 silly addNamed pm2@5.2.0
52 verbose addNamed "5.2.0" is a plain semver version for pm2
53 silly cache afterAdd pm2@5.2.0
54 verbose afterAdd /home/raj/.npm/pm2/5.2.0/package/package.json not in flight; writing
55 verbose afterAdd /home/raj/.npm/pm2/5.2.0/package/package.json written
56 silly fetchNamedPackageData @pm2/agent
57 silly mapToRegistry name @pm2/agent
58 silly mapToRegistry scope (from package name) @pm2
59 verbose mapToRegistry no registry URL found in name for scope @pm2
60 silly mapToRegistry using default registry
61 silly mapToRegistry registry https://registry.npmjs.org/
62 silly mapToRegistry uri https://registry.npmjs.org/@pm2%2fagent
63 silly fetchNamedPackageData @pm2/io
64 silly mapToRegistry name @pm2/io
65 silly mapToRegistry scope (from package name) @pm2
66 verbose mapToRegistry no registry URL found in name for scope @pm2
67 silly mapToRegistry using default registry
68 silly mapToRegistry registry https://registry.npmjs.org/
69 silly mapToRegistry uri https://registry.npmjs.org/@pm2%2fio
70 silly fetchNamedPackageData @pm2/js-api
71 silly mapToRegistry name @pm2/js-api
72 silly mapToRegistry scope (from package name) @pm2
73 verbose mapToRegistry no registry URL found in name for scope @pm2
74 silly mapToRegistry using default registry
75 silly mapToRegistry registry https://registry.npmjs.org/
76 silly mapToRegistry uri https://registry.npmjs.org/@pm2%2fjs-api
77 silly fetchNamedPackageData async
78 silly mapToRegistry name async
79 silly mapToRegistry using default registry
80 silly mapToRegistry registry https://registry.npmjs.org/
81 silly mapToRegistry uri https://registry.npmjs.org/async
82 silly fetchNamedPackageData blessed
83 silly mapToRegistry name blessed
84 silly mapToRegistry using default registry
85 silly mapToRegistry registry https://registry.npmjs.org/
86 silly mapToRegistry uri https://registry.npmjs.org/blessed
87 silly fetchNamedPackageData chalk
88 silly mapToRegistry name chalk
89 silly mapToRegistry using default registry
90 silly mapToRegistry registry https://registry.npmjs.org/
91 silly mapToRegistry uri https://registry.npmjs.org/chalk
92 silly fetchNamedPackageData chokidar
93 silly mapToRegistry name chokidar
94 silly mapToRegistry using default registry
95 silly mapToRegistry registry https://registry.npmjs.org/
96 silly mapToRegistry uri https://registry.npmjs.org/chokidar
97 silly fetchNamedPackageData cli-tableau
98 silly mapToRegistry name cli-tableau
99 silly mapToRegistry using default registry
100 silly mapToRegistry registry https://registry.npmjs.org/
101 silly mapToRegistry uri https://registry.npmjs.org/cli-tableau
102 silly fetchNamedPackageData commander
103 silly mapToRegistry name commander
104 silly mapToRegistry using default registry
105 silly mapToRegistry registry https://registry.npmjs.org/
106 silly mapToRegistry uri https://registry.npmjs.org/commander
107 silly fetchNamedPackageData croner
108 silly mapToRegistry name croner
109 silly mapToRegistry using default registry
110 silly mapToRegistry registry https://registry.npmjs.org/
111 silly mapToRegistry uri https://registry.npmjs.org/croner
112 silly fetchNamedPackageData dayjs
113 silly mapToRegistry name dayjs
114 silly mapToRegistry using default registry
115 silly mapToRegistry registry https://registry.npmjs.org/
116 silly mapToRegistry uri https://registry.npmjs.org/dayjs
117 silly fetchNamedPackageData debug
118 silly mapToRegistry name debug
119 silly mapToRegistry using default registry
120 silly mapToRegistry registry https://registry.npmjs.org/
121 silly mapToRegistry uri https://registry.npmjs.org/debug
122 silly fetchNamedPackageData enquirer
123 silly mapToRegistry name enquirer
124 silly mapToRegistry using default registry
125 silly mapToRegistry registry https://registry.npmjs.org/
126 silly mapToRegistry uri https://registry.npmjs.org/enquirer
127 silly fetchNamedPackageData eventemitter2
128 silly mapToRegistry name eventemitter2
129 silly mapToRegistry using default registry
130 silly mapToRegistry registry https://registry.npmjs.org/
131 silly mapToRegistry uri https://registry.npmjs.org/eventemitter2
132 silly fetchNamedPackageData sprintf-js
133 silly mapToRegistry name sprintf-js
134 silly mapToRegistry using default registry
135 silly mapToRegistry registry https://registry.npmjs.org/
136 silly mapToRegistry uri https://registry.npmjs.org/sprintf-js
137 silly fetchNamedPackageData fclone
138 silly mapToRegistry name fclone
139 silly mapToRegistry using default registry
140 silly mapToRegistry registry https://registry.npmjs.org/
141 silly mapToRegistry uri https://registry.npmjs.org/fclone
142 silly fetchNamedPackageData mkdirp
143 silly mapToRegistry name mkdirp
144 silly mapToRegistry using default registry
145 silly mapToRegistry registry https://registry.npmjs.org/
146 silly mapToRegistry uri https://registry.npmjs.org/mkdirp
147 silly fetchNamedPackageData needle
148 silly mapToRegistry name needle
149 silly mapToRegistry using default registry
150 silly mapToRegistry registry https://registry.npmjs.org/
151 silly mapToRegistry uri https://registry.npmjs.org/needle
152 silly fetchNamedPackageData pidusage
153 silly mapToRegistry name pidusage
154 silly mapToRegistry using default registry
155 silly mapToRegistry registry https://registry.npmjs.org/
156 silly mapToRegistry uri https://registry.npmjs.org/pidusage
157 silly fetchNamedPackageData pm2-axon
158 silly mapToRegistry name pm2-axon
159 silly mapToRegistry using default registry
160 silly mapToRegistry registry https://registry.npmjs.org/
161 silly mapToRegistry uri https://registry.npmjs.org/pm2-axon
162 silly fetchNamedPackageData pm2-axon-rpc
163 silly mapToRegistry name pm2-axon-rpc
164 silly mapToRegistry using default registry
165 silly mapToRegistry registry https://registry.npmjs.org/
166 silly mapToRegistry uri https://registry.npmjs.org/pm2-axon-rpc
167 silly fetchNamedPackageData pm2-deploy
168 silly mapToRegistry name pm2-deploy
169 silly mapToRegistry using default registry
170 silly mapToRegistry registry https://registry.npmjs.org/
171 silly mapToRegistry uri https://registry.npmjs.org/pm2-deploy
172 silly fetchNamedPackageData pm2-multimeter
173 silly mapToRegistry name pm2-multimeter
174 silly mapToRegistry using default registry
175 silly mapToRegistry registry https://registry.npmjs.org/
176 silly mapToRegistry uri https://registry.npmjs.org/pm2-multimeter
177 silly fetchNamedPackageData promptly
178 silly mapToRegistry name promptly
179 silly mapToRegistry using default registry
180 silly mapToRegistry registry https://registry.npmjs.org/
181 silly mapToRegistry uri https://registry.npmjs.org/promptly
182 silly fetchNamedPackageData semver
183 silly mapToRegistry name semver
184 silly mapToRegistry using default registry
185 silly mapToRegistry registry https://registry.npmjs.org/
186 silly mapToRegistry uri https://registry.npmjs.org/semver
187 silly fetchNamedPackageData source-map-support
188 silly mapToRegistry name source-map-support
189 silly mapToRegistry using default registry
190 silly mapToRegistry registry https://registry.npmjs.org/
191 silly mapToRegistry uri https://registry.npmjs.org/source-map-support
192 silly fetchNamedPackageData vizion
193 silly mapToRegistry name vizion
194 silly mapToRegistry using default registry
195 silly mapToRegistry registry https://registry.npmjs.org/
196 silly mapToRegistry uri https://registry.npmjs.org/vizion
197 silly fetchNamedPackageData yamljs
198 silly mapToRegistry name yamljs
199 silly mapToRegistry using default registry
200 silly mapToRegistry registry https://registry.npmjs.org/
201 silly mapToRegistry uri https://registry.npmjs.org/yamljs
202 silly fetchNamedPackageData pm2-sysmonit
203 silly mapToRegistry name pm2-sysmonit
204 silly mapToRegistry using default registry
205 silly mapToRegistry registry https://registry.npmjs.org/
206 silly mapToRegistry uri https://registry.npmjs.org/pm2-sysmonit
207 silly fetchNamedPackageData @pm2/pm2-version-check
208 silly mapToRegistry name @pm2/pm2-version-check
209 silly mapToRegistry scope (from package name) @pm2
210 verbose mapToRegistry no registry URL found in name for scope @pm2
211 silly mapToRegistry using default registry
212 silly mapToRegistry registry https://registry.npmjs.org/
213 silly mapToRegistry uri https://registry.npmjs.org/@pm2%2fpm2-version-check
214 verbose request uri https://registry.npmjs.org/@pm2%2fagent
215 verbose request no auth needed
216 info attempt registry request try #1 at 5:02:54 AM
217 verbose etag W/"8876dbb5716170e760d1d43d841710d8"
218 verbose lastModified Sun, 12 Jun 2022 22:42:10 GMT
219 http request GET https://registry.npmjs.org/@pm2%2fagent
220 verbose request uri https://registry.npmjs.org/@pm2%2fio
221 verbose request no auth needed
222 info attempt registry request try #1 at 5:02:54 AM
223 verbose etag W/"0141ec753c79af0ba33955ad07ccdeee"
224 verbose lastModified Wed, 06 Apr 2022 15:29:38 GMT
225 http request GET https://registry.npmjs.org/@pm2%2fio
226 verbose request uri https://registry.npmjs.org/@pm2%2fjs-api
227 verbose request no auth needed
228 info attempt registry request try #1 at 5:02:54 AM
229 verbose etag W/"a09c5124977bcd6205774df1a308be98"
230 verbose lastModified Sun, 12 Jun 2022 22:42:11 GMT
231 http request GET https://registry.npmjs.org/@pm2%2fjs-api
232 verbose request uri https://registry.npmjs.org/async
233 verbose request no auth needed
234 info attempt registry request try #1 at 5:02:54 AM
235 verbose etag W/"52e6cf39c33e51936f61ff3bdf3fe668"
236 verbose lastModified Mon, 25 Jul 2022 16:10:43 GMT
237 http request GET https://registry.npmjs.org/async
238 verbose request uri https://registry.npmjs.org/blessed
239 verbose request no auth needed
240 info attempt registry request try #1 at 5:02:54 AM
241 verbose etag W/"dc3c1794b9341f75b1755c39bfea3125"
242 verbose lastModified Mon, 13 Jun 2022 04:47:09 GMT
243 http request GET https://registry.npmjs.org/blessed
244 verbose request uri https://registry.npmjs.org/chalk
245 verbose request no auth needed
246 info attempt registry request try #1 at 5:02:54 AM
247 verbose etag W/"7e89694a58ccdd0ee0c4c56b4bdd868b"
248 verbose lastModified Fri, 26 Aug 2022 22:48:01 GMT
249 http request GET https://registry.npmjs.org/chalk
250 verbose request uri https://registry.npmjs.org/chokidar
251 verbose request no auth needed
252 info attempt registry request try #1 at 5:02:54 AM
253 verbose etag W/"860e59ebd3765f448cc1908756dda159"
254 verbose lastModified Mon, 13 Jun 2022 05:59:18 GMT
255 http request GET https://registry.npmjs.org/chokidar
256 verbose request uri https://registry.npmjs.org/cli-tableau
257 verbose request no auth needed
258 info attempt registry request try #1 at 5:02:54 AM
259 verbose etag W/"1351355856f024a62c9b825f02b3ab53"
260 verbose lastModified Tue, 12 Apr 2022 06:41:27 GMT
261 http request GET https://registry.npmjs.org/cli-tableau
262 verbose request uri https://registry.npmjs.org/commander
263 verbose request no auth needed
264 info attempt registry request try #1 at 5:02:54 AM
265 verbose etag W/"7a2173595ece9cdd8356b9f941c969f8"
266 verbose lastModified Fri, 30 Sep 2022 07:28:05 GMT
267 http request GET https://registry.npmjs.org/commander
268 verbose request uri https://registry.npmjs.org/croner
269 verbose request no auth needed
270 info attempt registry request try #1 at 5:02:54 AM
271 verbose etag W/"5f2670edd68d453ae9a004d8e95791ec"
272 verbose lastModified Thu, 29 Sep 2022 18:52:44 GMT
273 http request GET https://registry.npmjs.org/croner
274 verbose request uri https://registry.npmjs.org/dayjs
275 verbose request no auth needed
276 info attempt registry request try #1 at 5:02:54 AM
277 verbose etag W/"3de726e6773a1e8983d1582f9d12ddb7"
278 verbose lastModified Mon, 26 Sep 2022 04:32:22 GMT
279 http request GET https://registry.npmjs.org/dayjs
280 verbose request uri https://registry.npmjs.org/debug
281 verbose request no auth needed
282 info attempt registry request try #1 at 5:02:54 AM
283 verbose etag W/"51d9616cb0ee2b212bcf304eb7700c56"
284 verbose lastModified Tue, 09 Aug 2022 12:45:46 GMT
285 http request GET https://registry.npmjs.org/debug
286 verbose request uri https://registry.npmjs.org/enquirer
287 verbose request no auth needed
288 info attempt registry request try #1 at 5:02:54 AM
289 verbose etag W/"a7b45326270f0545bc6d5c1960fd2da5"
290 verbose lastModified Fri, 17 Jun 2022 05:52:25 GMT
291 http request GET https://registry.npmjs.org/enquirer
292 verbose request uri https://registry.npmjs.org/eventemitter2
293 verbose request no auth needed
294 info attempt registry request try #1 at 5:02:54 AM
295 verbose etag W/"e276dc52ceb8be7a1a1effdd840f977d"
296 verbose lastModified Mon, 12 Sep 2022 17:47:00 GMT
297 http request GET https://registry.npmjs.org/eventemitter2
298 verbose request uri https://registry.npmjs.org/sprintf-js
299 verbose request no auth needed
300 info attempt registry request try #1 at 5:02:54 AM
301 verbose etag W/"e1c68af3543696284ea378dd119f8876"
302 verbose lastModified Sun, 26 Jun 2022 23:08:13 GMT
303 http request GET https://registry.npmjs.org/sprintf-js
304 verbose request uri https://registry.npmjs.org/fclone
305 verbose request no auth needed
306 info attempt registry request try #1 at 5:02:54 AM
307 verbose etag W/"89d137ce8619537f634e13c64d66d4fc"
308 verbose lastModified Fri, 17 Jun 2022 23:50:42 GMT
309 http request GET https://registry.npmjs.org/fclone
310 verbose request uri https://registry.npmjs.org/mkdirp
311 verbose request no auth needed
312 info attempt registry request try #1 at 5:02:54 AM
313 verbose etag W/"decc505d0f52c4696b2cbbd2c4f680c5"
314 verbose lastModified Sun, 19 Jun 2022 23:29:14 GMT
315 http request GET https://registry.npmjs.org/mkdirp
316 verbose request uri https://registry.npmjs.org/needle
317 verbose request no auth needed
318 info attempt registry request try #1 at 5:02:54 AM
319 verbose etag W/"c98ed98251d590ba373342d21d574863"
320 verbose lastModified Mon, 20 Jun 2022 23:42:01 GMT
321 http request GET https://registry.npmjs.org/needle
322 verbose request uri https://registry.npmjs.org/pidusage
323 verbose request no auth needed
324 info attempt registry request try #1 at 5:02:54 AM
325 verbose etag W/"6faed35f7e7434307699345ea2525c02"
326 verbose lastModified Thu, 23 Jun 2022 22:56:11 GMT
327 http request GET https://registry.npmjs.org/pidusage
328 verbose request uri https://registry.npmjs.org/pm2-axon
329 verbose request no auth needed
330 info attempt registry request try #1 at 5:02:54 AM
331 verbose etag W/"bbdd8c9f59540a9c594e4bcecd92f1e8"
332 verbose lastModified Fri, 24 Jun 2022 04:46:24 GMT
333 http request GET https://registry.npmjs.org/pm2-axon
334 verbose request uri https://registry.npmjs.org/pm2-axon-rpc
335 verbose request no auth needed
336 info attempt registry request try #1 at 5:02:54 AM
337 verbose etag W/"4585e45f4f4c52344fa2abb9c8ca217d"
338 verbose lastModified Fri, 24 Jun 2022 04:46:36 GMT
339 http request GET https://registry.npmjs.org/pm2-axon-rpc
340 verbose request uri https://registry.npmjs.org/pm2-deploy
341 verbose request no auth needed
342 info attempt registry request try #1 at 5:02:54 AM
343 verbose etag W/"4b685da6b54398c4ba045c2905628726"
344 verbose lastModified Fri, 24 Jun 2022 04:48:00 GMT
345 http request GET https://registry.npmjs.org/pm2-deploy
346 verbose request uri https://registry.npmjs.org/pm2-multimeter
347 verbose request no auth needed
348 info attempt registry request try #1 at 5:02:54 AM
349 verbose etag W/"d1a3710ebb4dee704ed98fb39eb56415"
350 verbose lastModified Fri, 24 Jun 2022 04:52:36 GMT
351 http request GET https://registry.npmjs.org/pm2-multimeter
352 verbose request uri https://registry.npmjs.org/promptly
353 verbose request no auth needed
354 info attempt registry request try #1 at 5:02:54 AM
355 verbose etag W/"b1a66f176b51e27e2f657c19b9690716"
356 verbose lastModified Fri, 24 Jun 2022 19:56:46 GMT
357 http request GET https://registry.npmjs.org/promptly
358 verbose request uri https://registry.npmjs.org/semver
359 verbose request no auth needed
360 info attempt registry request try #1 at 5:02:54 AM
361 verbose etag W/"124459fa020053f728ffd79bd7df57c8"
362 verbose lastModified Mon, 25 Jul 2022 16:10:59 GMT
363 http request GET https://registry.npmjs.org/semver
364 verbose request uri https://registry.npmjs.org/source-map-support
365 verbose request no auth needed
366 info attempt registry request try #1 at 5:02:54 AM
367 verbose etag W/"6970a88035be23dffc972e6be944456a"
368 verbose lastModified Sun, 26 Jun 2022 22:22:58 GMT
369 http request GET https://registry.npmjs.org/source-map-support
370 verbose request uri https://registry.npmjs.org/vizion
371 verbose request no auth needed
372 info attempt registry request try #1 at 5:02:54 AM
373 verbose etag W/"0d38e6118baa8d72e15ec186c0c7ee95"
374 verbose lastModified Tue, 28 Jun 2022 17:56:57 GMT
375 http request GET https://registry.npmjs.org/vizion
376 verbose request uri https://registry.npmjs.org/yamljs
377 verbose request no auth needed
378 info attempt registry request try #1 at 5:02:54 AM
379 verbose etag W/"a83258708a535655e2ece79635b2d293"
380 verbose lastModified Wed, 29 Jun 2022 06:50:15 GMT
381 http request GET https://registry.npmjs.org/yamljs
382 verbose request uri https://registry.npmjs.org/pm2-sysmonit
383 verbose request no auth needed
384 info attempt registry request try #1 at 5:02:54 AM
385 verbose etag W/"a40251b50cf25bf8fe753a9299008311"
386 verbose lastModified Fri, 13 May 2022 03:04:53 GMT
387 http request GET https://registry.npmjs.org/pm2-sysmonit
388 verbose request uri https://registry.npmjs.org/@pm2%2fpm2-version-check
389 verbose request no auth needed
390 info attempt registry request try #1 at 5:02:54 AM
391 verbose etag W/"78d74182389b6c5a44f4aa14bb8c9e7d"
392 verbose lastModified Wed, 06 Apr 2022 15:29:40 GMT
393 http request GET https://registry.npmjs.org/@pm2%2fpm2-version-check
394 http 304 https://registry.npmjs.org/debug
395 verbose headers { date: 'Sat, 01 Oct 2022 05:02:54 GMT',
395 verbose headers   connection: 'keep-alive',
395 verbose headers   'cf-ray': '7532a617f8b2c41b-EWR',
395 verbose headers   age: '263',
395 verbose headers   'cache-control': 'public, max-age=300',
395 verbose headers   etag: '"51d9616cb0ee2b212bcf304eb7700c56"',
395 verbose headers   'last-modified': 'Tue, 09 Aug 2022 12:45:46 GMT',
395 verbose headers   vary: 'Accept-Encoding',
395 verbose headers   'cf-cache-status': 'HIT',
395 verbose headers   'x-amz-replication-status': 'COMPLETED',
395 verbose headers   server: 'cloudflare' }
396 silly get cb [ 304,
396 silly get   { date: 'Sat, 01 Oct 2022 05:02:54 GMT',
396 silly get     connection: 'keep-alive',
396 silly get     'cf-ray': '7532a617f8b2c41b-EWR',
396 silly get     age: '263',
396 silly get     'cache-control': 'public, max-age=300',
396 silly get     etag: '"51d9616cb0ee2b212bcf304eb7700c56"',
396 silly get     'last-modified': 'Tue, 09 Aug 2022 12:45:46 GMT',
396 silly get     vary: 'Accept-Encoding',
396 silly get     'cf-cache-status': 'HIT',
396 silly get     'x-amz-replication-status': 'COMPLETED',
396 silly get     server: 'cloudflare' } ]
397 verbose etag https://registry.npmjs.org/debug from cache
398 verbose get saving debug to /home/raj/.npm/registry.npmjs.org/debug/.cache.json
399 http 304 https://registry.npmjs.org/eventemitter2
400 verbose headers { date: 'Sat, 01 Oct 2022 05:02:54 GMT',
400 verbose headers   connection: 'keep-alive',
400 verbose headers   'cf-ray': '7532a617f87a8cbd-EWR',
400 verbose headers   age: '39',
400 verbose headers   'cache-control': 'public, max-age=300',
400 verbose headers   etag: '"e276dc52ceb8be7a1a1effdd840f977d"',
400 verbose headers   'last-modified': 'Mon, 12 Sep 2022 17:47:00 GMT',
400 verbose headers   vary: 'Accept-Encoding',
400 verbose headers   'cf-cache-status': 'HIT',
400 verbose headers   'x-amz-replication-status': 'COMPLETED',
400 verbose headers   server: 'cloudflare' }
401 silly get cb [ 304,
401 silly get   { date: 'Sat, 01 Oct 2022 05:02:54 GMT',
401 silly get     connection: 'keep-alive',
401 silly get     'cf-ray': '7532a617f87a8cbd-EWR',
401 silly get     age: '39',
401 silly get     'cache-control': 'public, max-age=300',
401 silly get     etag: '"e276dc52ceb8be7a1a1effdd840f977d"',
401 silly get     'last-modified': 'Mon, 12 Sep 2022 17:47:00 GMT',
401 silly get     vary: 'Accept-Encoding',
401 silly get     'cf-cache-status': 'HIT',
401 silly get     'x-amz-replication-status': 'COMPLETED',
401 silly get     server: 'cloudflare' } ]
402 verbose etag https://registry.npmjs.org/eventemitter2 from cache
403 verbose get saving eventemitter2 to /home/raj/.npm/registry.npmjs.org/eventemitter2/.cache.json
404 http 304 https://registry.npmjs.org/needle
405 verbose headers { date: 'Sat, 01 Oct 2022 05:02:54 GMT',
405 verbose headers   connection: 'keep-alive',
405 verbose headers   'cf-ray': '7532a617fc1bc3f5-EWR',
405 verbose headers   age: '187',
405 verbose headers   'cache-control': 'public, max-age=300',
405 verbose headers   etag: '"c98ed98251d590ba373342d21d574863"',
405 verbose headers   'last-modified': 'Mon, 20 Jun 2022 23:42:01 GMT',
405 verbose headers   vary: 'Accept-Encoding',
405 verbose headers   'cf-cache-status': 'HIT',
405 verbose headers   'x-amz-replication-status': 'COMPLETED',
405 verbose headers   server: 'cloudflare' }
406 silly get cb [ 304,
406 silly get   { date: 'Sat, 01 Oct 2022 05:02:54 GMT',
406 silly get     connection: 'keep-alive',
406 silly get     'cf-ray': '7532a617fc1bc3f5-EWR',
406 silly get     age: '187',
406 silly get     'cache-control': 'public, max-age=300',
406 silly get     etag: '"c98ed98251d590ba373342d21d574863"',
406 silly get     'last-modified': 'Mon, 20 Jun 2022 23:42:01 GMT',
406 silly get     vary: 'Accept-Encoding',
406 silly get     'cf-cache-status': 'HIT',
406 silly get     'x-amz-replication-status': 'COMPLETED',
406 silly get     server: 'cloudflare' } ]
407 verbose etag https://registry.npmjs.org/needle from cache
408 verbose get saving needle to /home/raj/.npm/registry.npmjs.org/needle/.cache.json
409 http 304 https://registry.npmjs.org/chalk
410 verbose headers { date: 'Sat, 01 Oct 2022 05:02:54 GMT',
410 verbose headers   connection: 'keep-alive',
410 verbose headers   'cf-ray': '7532a617fbb68c5f-EWR',
410 verbose headers   age: '247',
410 verbose headers   'cache-control': 'public, max-age=300',
410 verbose headers   etag: '"7e89694a58ccdd0ee0c4c56b4bdd868b"',
410 verbose headers   'last-modified': 'Fri, 26 Aug 2022 22:48:01 GMT',
410 verbose headers   vary: 'Accept-Encoding',
410 verbose headers   'cf-cache-status': 'HIT',
410 verbose headers   'x-amz-replication-status': 'COMPLETED',
410 verbose headers   server: 'cloudflare' }
411 silly get cb [ 304,
411 silly get   { date: 'Sat, 01 Oct 2022 05:02:54 GMT',
411 silly get     connection: 'keep-alive',
411 silly get     'cf-ray': '7532a617fbb68c5f-EWR',
411 silly get     age: '247',
411 silly get     'cache-control': 'public, max-age=300',
411 silly get     etag: '"7e89694a58ccdd0ee0c4c56b4bdd868b"',
411 silly get     'last-modified': 'Fri, 26 Aug 2022 22:48:01 GMT',
411 silly get     vary: 'Accept-Encoding',
411 silly get     'cf-cache-status': 'HIT',
411 silly get     'x-amz-replication-status': 'COMPLETED',
411 silly get     server: 'cloudflare' } ]
412 verbose etag https://registry.npmjs.org/chalk from cache
413 verbose get saving chalk to /home/raj/.npm/registry.npmjs.org/chalk/.cache.json
414 http 304 https://registry.npmjs.org/async
415 verbose headers { date: 'Sat, 01 Oct 2022 05:02:54 GMT',
415 verbose headers   connection: 'keep-alive',
415 verbose headers   'cf-ray': '7532a617ffbe188d-EWR',
415 verbose headers   age: '52',
415 verbose headers   'cache-control': 'public, max-age=300',
415 verbose headers   etag: '"52e6cf39c33e51936f61ff3bdf3fe668"',
415 verbose headers   'last-modified': 'Mon, 25 Jul 2022 16:10:43 GMT',
415 verbose headers   vary: 'Accept-Encoding',
415 verbose headers   'cf-cache-status': 'HIT',
415 verbose headers   'x-amz-replication-status': 'COMPLETED',
415 verbose headers   server: 'cloudflare' }
416 silly get cb [ 304,
416 silly get   { date: 'Sat, 01 Oct 2022 05:02:54 GMT',
416 silly get     connection: 'keep-alive',
416 silly get     'cf-ray': '7532a617ffbe188d-EWR',
416 silly get     age: '52',
416 silly get     'cache-control': 'public, max-age=300',
416 silly get     etag: '"52e6cf39c33e51936f61ff3bdf3fe668"',
416 silly get     'last-modified': 'Mon, 25 Jul 2022 16:10:43 GMT',
416 silly get     vary: 'Accept-Encoding',
416 silly get     'cf-cache-status': 'HIT',
416 silly get     'x-amz-replication-status': 'COMPLETED',
416 silly get     server: 'cloudflare' } ]
417 verbose etag https://registry.npmjs.org/async from cache
418 verbose get saving async to /home/raj/.npm/registry.npmjs.org/async/.cache.json
419 http 304 https://registry.npmjs.org/mkdirp
420 verbose headers { date: 'Sat, 01 Oct 2022 05:02:54 GMT',
420 verbose headers   connection: 'keep-alive',
420 verbose headers   'cf-ray': '7532a617f8c217a5-EWR',
420 verbose headers   age: '38',
420 verbose headers   'cache-control': 'public, max-age=300',
420 verbose headers   etag: '"decc505d0f52c4696b2cbbd2c4f680c5"',
420 verbose headers   'last-modified': 'Sun, 19 Jun 2022 23:29:14 GMT',
420 verbose headers   vary: 'Accept-Encoding',
420 verbose headers   'cf-cache-status': 'HIT',
420 verbose headers   'x-amz-replication-status': 'PENDING',
420 verbose headers   server: 'cloudflare' }
421 silly get cb [ 304,
421 silly get   { date: 'Sat, 01 Oct 2022 05:02:54 GMT',
421 silly get     connection: 'keep-alive',
421 silly get     'cf-ray': '7532a617f8c217a5-EWR',
421 silly get     age: '38',
421 silly get     'cache-control': 'public, max-age=300',
421 silly get     etag: '"decc505d0f52c4696b2cbbd2c4f680c5"',
421 silly get     'last-modified': 'Sun, 19 Jun 2022 23:29:14 GMT',
421 silly get     vary: 'Accept-Encoding',
421 silly get     'cf-cache-status': 'HIT',
421 silly get     'x-amz-replication-status': 'PENDING',
421 silly get     server: 'cloudflare' } ]
422 verbose etag https://registry.npmjs.org/mkdirp from cache
423 verbose get saving mkdirp to /home/raj/.npm/registry.npmjs.org/mkdirp/.cache.json
424 http 304 https://registry.npmjs.org/enquirer
425 verbose headers { date: 'Sat, 01 Oct 2022 05:02:54 GMT',
425 verbose headers   connection: 'keep-alive',
425 verbose headers   'cf-ray': '7532a617fd7b1784-EWR',
425 verbose headers   age: '159',
425 verbose headers   'cache-control': 'public, max-age=300',
425 verbose headers   etag: '"a7b45326270f0545bc6d5c1960fd2da5"',
425 verbose headers   'last-modified': 'Fri, 17 Jun 2022 05:52:25 GMT',
425 verbose headers   vary: 'Accept-Encoding',
425 verbose headers   'cf-cache-status': 'HIT',
425 verbose headers   'x-amz-replication-status': 'COMPLETED',
425 verbose headers   server: 'cloudflare' }
426 silly get cb [ 304,
426 silly get   { date: 'Sat, 01 Oct 2022 05:02:54 GMT',
426 silly get     connection: 'keep-alive',
426 silly get     'cf-ray': '7532a617fd7b1784-EWR',
426 silly get     age: '159',
426 silly get     'cache-control': 'public, max-age=300',
426 silly get     etag: '"a7b45326270f0545bc6d5c1960fd2da5"',
426 silly get     'last-modified': 'Fri, 17 Jun 2022 05:52:25 GMT',
426 silly get     vary: 'Accept-Encoding',
426 silly get     'cf-cache-status': 'HIT',
426 silly get     'x-amz-replication-status': 'COMPLETED',
426 silly get     server: 'cloudflare' } ]
427 verbose etag https://registry.npmjs.org/enquirer from cache
428 verbose get saving enquirer to /home/raj/.npm/registry.npmjs.org/enquirer/.cache.json
429 http 304 https://registry.npmjs.org/semver
430 verbose headers { date: 'Sat, 01 Oct 2022 05:02:54 GMT',
430 verbose headers   connection: 'keep-alive',
430 verbose headers   'cf-ray': '7532a617fdc119d7-EWR',
430 verbose headers   age: '233',
430 verbose headers   'cache-control': 'public, max-age=300',
430 verbose headers   etag: '"124459fa020053f728ffd79bd7df57c8"',
430 verbose headers   'last-modified': 'Mon, 25 Jul 2022 16:10:59 GMT',
430 verbose headers   vary: 'Accept-Encoding',
430 verbose headers   'cf-cache-status': 'HIT',
430 verbose headers   'x-amz-replication-status': 'COMPLETED',
430 verbose headers   server: 'cloudflare' }
431 silly get cb [ 304,
431 silly get   { date: 'Sat, 01 Oct 2022 05:02:54 GMT',
431 silly get     connection: 'keep-alive',
431 silly get     'cf-ray': '7532a617fdc119d7-EWR',
431 silly get     age: '233',
431 silly get     'cache-control': 'public, max-age=300',
431 silly get     etag: '"124459fa020053f728ffd79bd7df57c8"',
431 silly get     'last-modified': 'Mon, 25 Jul 2022 16:10:59 GMT',
431 silly get     vary: 'Accept-Encoding',
431 silly get     'cf-cache-status': 'HIT',
431 silly get     'x-amz-replication-status': 'COMPLETED',
431 silly get     server: 'cloudflare' } ]
432 verbose etag https://registry.npmjs.org/semver from cache
433 verbose get saving semver to /home/raj/.npm/registry.npmjs.org/semver/.cache.json
434 http 304 https://registry.npmjs.org/chokidar
435 verbose headers { date: 'Sat, 01 Oct 2022 05:02:54 GMT',
435 verbose headers   connection: 'keep-alive',
435 verbose headers   'cf-ray': '7532a617fa381791-EWR',
435 verbose headers   age: '33',
435 verbose headers   'cache-control': 'public, max-age=300',
435 verbose headers   etag: '"860e59ebd3765f448cc1908756dda159"',
435 verbose headers   'last-modified': 'Mon, 13 Jun 2022 05:59:18 GMT',
435 verbose headers   vary: 'Accept-Encoding',
435 verbose headers   'cf-cache-status': 'HIT',
435 verbose headers   'x-amz-replication-status': 'COMPLETED',
435 verbose headers   server: 'cloudflare' }
436 silly get cb [ 304,
436 silly get   { date: 'Sat, 01 Oct 2022 05:02:54 GMT',
436 silly get     connection: 'keep-alive',
436 silly get     'cf-ray': '7532a617fa381791-EWR',
436 silly get     age: '33',
436 silly get     'cache-control': 'public, max-age=300',
436 silly get     etag: '"860e59ebd3765f448cc1908756dda159"',
436 silly get     'last-modified': 'Mon, 13 Jun 2022 05:59:18 GMT',
436 silly get     vary: 'Accept-Encoding',
436 silly get     'cf-cache-status': 'HIT',
436 silly get     'x-amz-replication-status': 'COMPLETED',
436 silly get     server: 'cloudflare' } ]
437 verbose etag https://registry.npmjs.org/chokidar from cache
438 verbose get saving chokidar to /home/raj/.npm/registry.npmjs.org/chokidar/.cache.json
439 http 304 https://registry.npmjs.org/commander
440 verbose headers { date: 'Sat, 01 Oct 2022 05:02:54 GMT',
440 verbose headers   connection: 'keep-alive',
440 verbose headers   'cf-ray': '7532a617fbf38cd6-EWR',
440 verbose headers   age: '96',
440 verbose headers   'cache-control': 'public, max-age=300',
440 verbose headers   etag: '"7a2173595ece9cdd8356b9f941c969f8"',
440 verbose headers   'last-modified': 'Fri, 30 Sep 2022 07:28:05 GMT',
440 verbose headers   vary: 'Accept-Encoding',
440 verbose headers   'cf-cache-status': 'HIT',
440 verbose headers   'x-amz-replication-status': 'COMPLETED',
440 verbose headers   server: 'cloudflare' }
441 silly get cb [ 304,
441 silly get   { date: 'Sat, 01 Oct 2022 05:02:54 GMT',
441 silly get     connection: 'keep-alive',
441 silly get     'cf-ray': '7532a617fbf38cd6-EWR',
441 silly get     age: '96',
441 silly get     'cache-control': 'public, max-age=300',
441 silly get     etag: '"7a2173595ece9cdd8356b9f941c969f8"',
441 silly get     'last-modified': 'Fri, 30 Sep 2022 07:28:05 GMT',
441 silly get     vary: 'Accept-Encoding',
441 silly get     'cf-cache-status': 'HIT',
441 silly get     'x-amz-replication-status': 'COMPLETED',
441 silly get     server: 'cloudflare' } ]
442 verbose etag https://registry.npmjs.org/commander from cache
443 verbose get saving commander to /home/raj/.npm/registry.npmjs.org/commander/.cache.json
444 silly resolveWithNewModule debug@4.3.4 checking installable status
445 silly cache add args [ 'debug@^4.3.1', null ]
446 verbose cache add spec debug@^4.3.1
447 silly cache add parsed spec Result {
447 silly cache add   raw: 'debug@^4.3.1',
447 silly cache add   scope: null,
447 silly cache add   name: 'debug',
447 silly cache add   rawSpec: '^4.3.1',
447 silly cache add   spec: '>=4.3.1 <5.0.0',
447 silly cache add   type: 'range' }
448 silly addNamed debug@>=4.3.1 <5.0.0
449 verbose addNamed ">=4.3.1 <5.0.0" is a valid semver range for debug
450 silly addNameRange { name: 'debug', range: '>=4.3.1 <5.0.0', hasData: false }
451 silly mapToRegistry name debug
452 silly mapToRegistry using default registry
453 silly mapToRegistry registry https://registry.npmjs.org/
454 silly mapToRegistry uri https://registry.npmjs.org/debug
455 verbose addNameRange registry:https://registry.npmjs.org/debug not in flight; fetching
456 silly resolveWithNewModule eventemitter2@5.0.1 checking installable status
457 silly cache add args [ 'eventemitter2@5.0.1', null ]
458 verbose cache add spec eventemitter2@5.0.1
459 silly cache add parsed spec Result {
459 silly cache add   raw: 'eventemitter2@5.0.1',
459 silly cache add   scope: null,
459 silly cache add   name: 'eventemitter2',
459 silly cache add   rawSpec: '5.0.1',
459 silly cache add   spec: '5.0.1',
459 silly cache add   type: 'version' }
460 silly addNamed eventemitter2@5.0.1
461 verbose addNamed "5.0.1" is a plain semver version for eventemitter2
462 silly mapToRegistry name eventemitter2
463 silly mapToRegistry using default registry
464 silly mapToRegistry registry https://registry.npmjs.org/
465 silly mapToRegistry uri https://registry.npmjs.org/eventemitter2
466 verbose addNameVersion registry:https://registry.npmjs.org/eventemitter2 not in flight; fetching
467 silly resolveWithNewModule needle@2.4.0 checking installable status
468 silly cache add args [ 'needle@2.4.0', null ]
469 verbose cache add spec needle@2.4.0
470 silly cache add parsed spec Result {
470 silly cache add   raw: 'needle@2.4.0',
470 silly cache add   scope: null,
470 silly cache add   name: 'needle',
470 silly cache add   rawSpec: '2.4.0',
470 silly cache add   spec: '2.4.0',
470 silly cache add   type: 'version' }
471 silly addNamed needle@2.4.0
472 verbose addNamed "2.4.0" is a plain semver version for needle
473 silly mapToRegistry name needle
474 silly mapToRegistry using default registry
475 silly mapToRegistry registry https://registry.npmjs.org/
476 silly mapToRegistry uri https://registry.npmjs.org/needle
477 verbose addNameVersion registry:https://registry.npmjs.org/needle not in flight; fetching
478 silly resolveWithNewModule chalk@3.0.0 checking installable status
479 silly cache add args [ 'chalk@3.0.0', null ]
480 verbose cache add spec chalk@3.0.0
481 silly cache add parsed spec Result {
481 silly cache add   raw: 'chalk@3.0.0',
481 silly cache add   scope: null,
481 silly cache add   name: 'chalk',
481 silly cache add   rawSpec: '3.0.0',
481 silly cache add   spec: '3.0.0',
481 silly cache add   type: 'version' }
482 silly addNamed chalk@3.0.0
483 verbose addNamed "3.0.0" is a plain semver version for chalk
484 silly mapToRegistry name chalk
485 silly mapToRegistry using default registry
486 silly mapToRegistry registry https://registry.npmjs.org/
487 silly mapToRegistry uri https://registry.npmjs.org/chalk
488 verbose addNameVersion registry:https://registry.npmjs.org/chalk not in flight; fetching
489 silly resolveWithNewModule async@3.2.4 checking installable status
490 silly cache add args [ 'async@~3.2.0', null ]
491 verbose cache add spec async@~3.2.0
492 silly cache add parsed spec Result {
492 silly cache add   raw: 'async@~3.2.0',
492 silly cache add   scope: null,
492 silly cache add   name: 'async',
492 silly cache add   rawSpec: '~3.2.0',
492 silly cache add   spec: '>=3.2.0 <3.3.0',
492 silly cache add   type: 'range' }
493 silly addNamed async@>=3.2.0 <3.3.0
494 verbose addNamed ">=3.2.0 <3.3.0" is a valid semver range for async
495 silly addNameRange { name: 'async', range: '>=3.2.0 <3.3.0', hasData: false }
496 silly mapToRegistry name async
497 silly mapToRegistry using default registry
498 silly mapToRegistry registry https://registry.npmjs.org/
499 silly mapToRegistry uri https://registry.npmjs.org/async
500 verbose addNameRange registry:https://registry.npmjs.org/async not in flight; fetching
501 silly resolveWithNewModule mkdirp@1.0.4 checking installable status
502 silly cache add args [ 'mkdirp@1.0.4', null ]
503 verbose cache add spec mkdirp@1.0.4
504 silly cache add parsed spec Result {
504 silly cache add   raw: 'mkdirp@1.0.4',
504 silly cache add   scope: null,
504 silly cache add   name: 'mkdirp',
504 silly cache add   rawSpec: '1.0.4',
504 silly cache add   spec: '1.0.4',
504 silly cache add   type: 'version' }
505 silly addNamed mkdirp@1.0.4
506 verbose addNamed "1.0.4" is a plain semver version for mkdirp
507 silly mapToRegistry name mkdirp
508 silly mapToRegistry using default registry
509 silly mapToRegistry registry https://registry.npmjs.org/
510 silly mapToRegistry uri https://registry.npmjs.org/mkdirp
511 verbose addNameVersion registry:https://registry.npmjs.org/mkdirp not in flight; fetching
512 silly resolveWithNewModule enquirer@2.3.6 checking installable status
513 silly cache add args [ 'enquirer@2.3.6', null ]
514 verbose cache add spec enquirer@2.3.6
515 silly cache add parsed spec Result {
515 silly cache add   raw: 'enquirer@2.3.6',
515 silly cache add   scope: null,
515 silly cache add   name: 'enquirer',
515 silly cache add   rawSpec: '2.3.6',
515 silly cache add   spec: '2.3.6',
515 silly cache add   type: 'version' }
516 silly addNamed enquirer@2.3.6
517 verbose addNamed "2.3.6" is a plain semver version for enquirer
518 silly mapToRegistry name enquirer
519 silly mapToRegistry using default registry
520 silly mapToRegistry registry https://registry.npmjs.org/
521 silly mapToRegistry uri https://registry.npmjs.org/enquirer
522 verbose addNameVersion registry:https://registry.npmjs.org/enquirer not in flight; fetching
523 verbose get https://registry.npmjs.org/debug not expired, no request
524 silly addNameRange number 2 { name: 'debug', range: '>=4.3.1 <5.0.0', hasData: true }
525 silly addNameRange versions [ 'debug',
525 silly addNameRange   [ '0.0.1',
525 silly addNameRange     '0.1.0',
525 silly addNameRange     '0.2.0',
525 silly addNameRange     '0.3.0',
525 silly addNameRange     '0.4.0',
525 silly addNameRange     '0.4.1',
525 silly addNameRange     '0.5.0',
525 silly addNameRange     '0.6.0',
525 silly addNameRange     '0.7.0',
525 silly addNameRange     '0.7.1',
525 silly addNameRange     '0.7.2',
525 silly addNameRange     '0.7.3',
525 silly addNameRange     '0.7.4',
525 silly addNameRange     '0.8.0',
525 silly addNameRange     '0.8.1',
525 silly addNameRange     '1.0.0',
525 silly addNameRange     '1.0.1',
525 silly addNameRange     '1.0.2',
525 silly addNameRange     '1.0.3',
525 silly addNameRange     '1.0.4',
525 silly addNameRange     '2.0.0',
525 silly addNameRange     '2.1.0',
525 silly addNameRange     '2.1.1',
525 silly addNameRange     '2.1.2',
525 silly addNameRange     '2.1.3',
525 silly addNameRange     '2.2.0',
525 silly addNameRange     '2.3.0',
525 silly addNameRange     '2.3.1',
525 silly addNameRange     '2.3.2',
525 silly addNameRange     '2.3.3',
525 silly addNameRange     '2.4.0',
525 silly addNameRange     '2.4.1',
525 silly addNameRange     '2.4.2',
525 silly addNameRange     '2.4.3',
525 silly addNameRange     '2.4.4',
525 silly addNameRange     '2.4.5',
525 silly addNameRange     '2.5.0',
525 silly addNameRange     '2.5.1',
525 silly addNameRange     '2.5.2',
525 silly addNameRange     '2.6.0',
525 silly addNameRange     '2.6.1',
525 silly addNameRange     '2.6.2',
525 silly addNameRange     '2.6.3',
525 silly addNameRange     '2.6.4',
525 silly addNameRange     '2.6.5',
525 silly addNameRange     '2.6.6',
525 silly addNameRange     '2.6.7',
525 silly addNameRange     '2.6.8',
525 silly addNameRange     '1.0.5',
525 silly addNameRange     '3.0.0',
525 silly addNameRange     '3.0.1',
525 silly addNameRange     '2.6.9',
525 silly addNameRange     '3.1.0',
525 silly addNameRange     '3.2.0',
525 silly addNameRange     '3.2.1',
525 silly addNameRange     '3.2.2',
525 silly addNameRange     '3.2.3',
525 silly addNameRange     '4.0.0',
525 silly addNameRange     '3.2.4',
525 silly addNameRange     '3.2.5',
525 silly addNameRange     '4.0.1',
525 silly addNameRange     '4.1.0',
525 silly addNameRange     '3.2.6',
525 silly addNameRange     '4.1.1',
525 silly addNameRange     '4.2.0',
525 silly addNameRange     '4.3.0',
525 silly addNameRange     '4.3.1',
525 silly addNameRange     '3.2.7',
525 silly addNameRange     '4.3.2',
525 silly addNameRange     '4.3.3',
525 silly addNameRange     '4.3.4' ] ]
526 silly addNamed debug@4.3.4
527 verbose addNamed "4.3.4" is a plain semver version for debug
528 silly resolveWithNewModule semver@7.3.7 checking installable status
529 silly cache add args [ 'semver@^7.2', null ]
530 verbose cache add spec semver@^7.2
531 silly cache add parsed spec Result {
531 silly cache add   raw: 'semver@^7.2',
531 silly cache add   scope: null,
531 silly cache add   name: 'semver',
531 silly cache add   rawSpec: '^7.2',
531 silly cache add   spec: '>=7.2.0 <8.0.0',
531 silly cache add   type: 'range' }
532 silly addNamed semver@>=7.2.0 <8.0.0
533 verbose addNamed ">=7.2.0 <8.0.0" is a valid semver range for semver
534 silly addNameRange { name: 'semver', range: '>=7.2.0 <8.0.0', hasData: false }
535 silly mapToRegistry name semver
536 silly mapToRegistry using default registry
537 silly mapToRegistry registry https://registry.npmjs.org/
538 silly mapToRegistry uri https://registry.npmjs.org/semver
539 verbose addNameRange registry:https://registry.npmjs.org/semver not in flight; fetching
540 silly resolveWithNewModule chokidar@3.5.3 checking installable status
541 silly cache add args [ 'chokidar@^3.5.1', null ]
542 verbose cache add spec chokidar@^3.5.1
543 silly cache add parsed spec Result {
543 silly cache add   raw: 'chokidar@^3.5.1',
543 silly cache add   scope: null,
543 silly cache add   name: 'chokidar',
543 silly cache add   rawSpec: '^3.5.1',
543 silly cache add   spec: '>=3.5.1 <4.0.0',
543 silly cache add   type: 'range' }
544 silly addNamed chokidar@>=3.5.1 <4.0.0
545 verbose addNamed ">=3.5.1 <4.0.0" is a valid semver range for chokidar
546 silly addNameRange { name: 'chokidar', range: '>=3.5.1 <4.0.0', hasData: false }
547 silly mapToRegistry name chokidar
548 silly mapToRegistry using default registry
549 silly mapToRegistry registry https://registry.npmjs.org/
550 silly mapToRegistry uri https://registry.npmjs.org/chokidar
551 verbose addNameRange registry:https://registry.npmjs.org/chokidar not in flight; fetching
552 silly resolveWithNewModule commander@2.15.1 checking installable status
553 silly cache add args [ 'commander@2.15.1', null ]
554 verbose cache add spec commander@2.15.1
555 silly cache add parsed spec Result {
555 silly cache add   raw: 'commander@2.15.1',
555 silly cache add   scope: null,
555 silly cache add   name: 'commander',
555 silly cache add   rawSpec: '2.15.1',
555 silly cache add   spec: '2.15.1',
555 silly cache add   type: 'version' }
556 silly addNamed commander@2.15.1
557 verbose addNamed "2.15.1" is a plain semver version for commander
558 silly mapToRegistry name commander
559 silly mapToRegistry using default registry
560 silly mapToRegistry registry https://registry.npmjs.org/
561 silly mapToRegistry uri https://registry.npmjs.org/commander
562 verbose addNameVersion registry:https://registry.npmjs.org/commander not in flight; fetching
563 http 304 https://registry.npmjs.org/pm2-multimeter
564 verbose headers { date: 'Sat, 01 Oct 2022 05:02:54 GMT',
564 verbose headers   connection: 'keep-alive',
564 verbose headers   'cf-ray': '7532a617fdf5190a-EWR',
564 verbose headers   'cache-control': 'public, max-age=300',
564 verbose headers   etag: '"d1a3710ebb4dee704ed98fb39eb56415"',
564 verbose headers   'last-modified': 'Fri, 24 Jun 2022 04:52:36 GMT',
564 verbose headers   vary: 'Accept-Encoding',
564 verbose headers   'cf-cache-status': 'REVALIDATED',
564 verbose headers   'x-amz-replication-status': 'COMPLETED',
564 verbose headers   server: 'cloudflare' }
565 silly get cb [ 304,
565 silly get   { date: 'Sat, 01 Oct 2022 05:02:54 GMT',
565 silly get     connection: 'keep-alive',
565 silly get     'cf-ray': '7532a617fdf5190a-EWR',
565 silly get     'cache-control': 'public, max-age=300',
565 silly get     etag: '"d1a3710ebb4dee704ed98fb39eb56415"',
565 silly get     'last-modified': 'Fri, 24 Jun 2022 04:52:36 GMT',
565 silly get     vary: 'Accept-Encoding',
565 silly get     'cf-cache-status': 'REVALIDATED',
565 silly get     'x-amz-replication-status': 'COMPLETED',
565 silly get     server: 'cloudflare' } ]
566 verbose etag https://registry.npmjs.org/pm2-multimeter from cache
567 verbose get saving pm2-multimeter to /home/raj/.npm/registry.npmjs.org/pm2-multimeter/.cache.json
568 http 304 https://registry.npmjs.org/pm2-axon-rpc
569 verbose headers { date: 'Sat, 01 Oct 2022 05:02:54 GMT',
569 verbose headers   connection: 'keep-alive',
569 verbose headers   'cf-ray': '7532a617f8598ce0-EWR',
569 verbose headers   'cache-control': 'public, max-age=300',
569 verbose headers   etag: '"4585e45f4f4c52344fa2abb9c8ca217d"',
569 verbose headers   'last-modified': 'Fri, 24 Jun 2022 04:46:36 GMT',
569 verbose headers   vary: 'Accept-Encoding',
569 verbose headers   'cf-cache-status': 'REVALIDATED',
569 verbose headers   'x-amz-replication-status': 'PENDING',
569 verbose headers   server: 'cloudflare' }
570 silly get cb [ 304,
570 silly get   { date: 'Sat, 01 Oct 2022 05:02:54 GMT',
570 silly get     connection: 'keep-alive',
570 silly get     'cf-ray': '7532a617f8598ce0-EWR',
570 silly get     'cache-control': 'public, max-age=300',
570 silly get     etag: '"4585e45f4f4c52344fa2abb9c8ca217d"',
570 silly get     'last-modified': 'Fri, 24 Jun 2022 04:46:36 GMT',
570 silly get     vary: 'Accept-Encoding',
570 silly get     'cf-cache-status': 'REVALIDATED',
570 silly get     'x-amz-replication-status': 'PENDING',
570 silly get     server: 'cloudflare' } ]
571 verbose etag https://registry.npmjs.org/pm2-axon-rpc from cache
572 verbose get saving pm2-axon-rpc to /home/raj/.npm/registry.npmjs.org/pm2-axon-rpc/.cache.json
573 http 304 https://registry.npmjs.org/dayjs
574 verbose headers { date: 'Sat, 01 Oct 2022 05:02:54 GMT',
574 verbose headers   connection: 'keep-alive',
574 verbose headers   'cf-ray': '7532a6186f059e1a-EWR',
574 verbose headers   'cache-control': 'public, max-age=300',
574 verbose headers   etag: '"3de726e6773a1e8983d1582f9d12ddb7"',
574 verbose headers   'last-modified': 'Mon, 26 Sep 2022 04:32:22 GMT',
574 verbose headers   vary: 'Accept-Encoding',
574 verbose headers   'cf-cache-status': 'REVALIDATED',
574 verbose headers   'x-amz-replication-status': 'COMPLETED',
574 verbose headers   server: 'cloudflare' }
575 silly get cb [ 304,
575 silly get   { date: 'Sat, 01 Oct 2022 05:02:54 GMT',
575 silly get     connection: 'keep-alive',
575 silly get     'cf-ray': '7532a6186f059e1a-EWR',
575 silly get     'cache-control': 'public, max-age=300',
575 silly get     etag: '"3de726e6773a1e8983d1582f9d12ddb7"',
575 silly get     'last-modified': 'Mon, 26 Sep 2022 04:32:22 GMT',
575 silly get     vary: 'Accept-Encoding',
575 silly get     'cf-cache-status': 'REVALIDATED',
575 silly get     'x-amz-replication-status': 'COMPLETED',
575 silly get     server: 'cloudflare' } ]
576 verbose etag https://registry.npmjs.org/dayjs from cache
577 verbose get saving dayjs to /home/raj/.npm/registry.npmjs.org/dayjs/.cache.json
578 verbose get https://registry.npmjs.org/eventemitter2 not expired, no request
579 verbose get https://registry.npmjs.org/needle not expired, no request
580 verbose get https://registry.npmjs.org/chalk not expired, no request
581 verbose get https://registry.npmjs.org/async not expired, no request
582 silly addNameRange number 2 { name: 'async', range: '>=3.2.0 <3.3.0', hasData: true }
583 silly addNameRange versions [ 'async',
583 silly addNameRange   [ '0.1.0',
583 silly addNameRange     '0.1.1',
583 silly addNameRange     '0.1.2',
583 silly addNameRange     '0.1.3',
583 silly addNameRange     '0.1.4',
583 silly addNameRange     '0.1.5',
583 silly addNameRange     '0.1.6',
583 silly addNameRange     '0.1.7',
583 silly addNameRange     '0.1.8',
583 silly addNameRange     '0.1.9',
583 silly addNameRange     '0.1.10',
583 silly addNameRange     '0.1.11',
583 silly addNameRange     '0.1.12',
583 silly addNameRange     '0.1.13',
583 silly addNameRange     '0.1.14',
583 silly addNameRange     '0.1.15',
583 silly addNameRange     '0.1.16',
583 silly addNameRange     '0.1.17',
583 silly addNameRange     '0.1.18',
583 silly addNameRange     '0.1.19',
583 silly addNameRange     '0.1.20',
583 silly addNameRange     '0.1.21',
583 silly addNameRange     '0.1.22',
583 silly addNameRange     '0.2.0',
583 silly addNameRange     '0.2.1',
583 silly addNameRange     '0.2.2',
583 silly addNameRange     '0.2.3',
583 silly addNameRange     '0.2.4',
583 silly addNameRange     '0.2.5',
583 silly addNameRange     '0.2.6',
583 silly addNameRange     '0.2.7',
583 silly addNameRange     '0.2.8',
583 silly addNameRange     '0.2.9',
583 silly addNameRange     '0.2.10',
583 silly addNameRange     '0.3.0',
583 silly addNameRange     '0.4.0',
583 silly addNameRange     '0.4.1',
583 silly addNameRange     '0.5.0',
583 silly addNameRange     '0.6.0',
583 silly addNameRange     '0.6.1',
583 silly addNameRange     '0.6.2',
583 silly addNameRange     '0.7.0',
583 silly addNameRange     '0.8.0',
583 silly addNameRange     '0.9.0',
583 silly addNameRange     '0.9.2',
583 silly addNameRange     '1.0.0',
583 silly addNameRange     '1.1.0',
583 silly addNameRange     '1.2.0',
583 silly addNameRange     '1.1.1',
583 silly addNameRange     '1.2.1',
583 silly addNameRange     '1.3.0',
583 silly addNameRange     '1.4.0',
583 silly addNameRange     '1.4.1',
583 silly addNameRange     '1.4.2',
583 silly addNameRange     '1.5.0',
583 silly addNameRange     '1.5.1',
583 silly addNameRange     '1.5.2',
583 silly addNameRange     '2.0.0-alpha.0',
583 silly addNameRange     '2.0.0-rc.1',
583 silly addNameRange     '2.0.0-rc.2',
583 silly addNameRange     '2.0.0-rc.3',
583 silly addNameRange     '2.0.0-rc.4',
583 silly addNameRange     '2.0.0-rc.5',
583 silly addNameRange     '2.0.0-rc.6',
583 silly addNameRange     '2.0.0',
583 silly addNameRange     '2.0.1',
583 silly addNameRange     '2.1.0',
583 silly addNameRange     '2.1.1',
583 silly addNameRange     '2.1.2',
583 silly addNameRange     '2.1.4',
583 silly addNameRange     '2.1.5',
583 silly addNameRange     '2.2.0',
583 silly addNameRange     '2.3.0',
583 silly addNameRange     '2.4.0',
583 silly addNameRange     '2.4.1',
583 silly addNameRange     '2.5.0',
583 silly addNameRange     '2.6.0',
583 silly addNameRange     '2.6.1',
583 silly addNameRange     '3.0.1-0',
583 silly addNameRange     '2.6.2',
583 silly addNameRange     '3.0.0',
583 silly addNameRange     '3.0.1',
583 silly addNameRange     '3.1.0',
583 silly addNameRange     '2.6.3',
583 silly addNameRange     '3.1.1',
583 silly addNameRange     '3.2.0',
583 silly addNameRange     '3.2.1',
583 silly addNameRange     '3.2.2',
583 silly addNameRange     '3.2.3',
583 silly addNameRange     '2.6.4',
583 silly addNameRange     '3.2.4' ] ]
584 silly addNamed async@3.2.4
585 verbose addNamed "3.2.4" is a plain semver version for async
586 verbose get https://registry.npmjs.org/mkdirp not expired, no request
587 verbose get https://registry.npmjs.org/enquirer not expired, no request
588 verbose get https://registry.npmjs.org/semver not expired, no request
589 silly addNameRange number 2 { name: 'semver', range: '>=7.2.0 <8.0.0', hasData: true }
590 silly addNameRange versions [ 'semver',
590 silly addNameRange   [ '1.0.0',
590 silly addNameRange     '1.0.1',
590 silly addNameRange     '1.0.2',
590 silly addNameRange     '1.0.3',
590 silly addNameRange     '1.0.4',
590 silly addNameRange     '1.0.5',
590 silly addNameRange     '1.0.6',
590 silly addNameRange     '1.0.7',
590 silly addNameRange     '1.0.8',
590 silly addNameRange     '1.0.9',
590 silly addNameRange     '1.0.10',
590 silly addNameRange     '1.0.11',
590 silly addNameRange     '1.0.12',
590 silly addNameRange     '1.0.13',
590 silly addNameRange     '1.0.14',
590 silly addNameRange     '1.1.0',
590 silly addNameRange     '1.1.1',
590 silly addNameRange     '1.1.2',
590 silly addNameRange     '1.1.3',
590 silly addNameRange     '1.1.4',
590 silly addNameRange     '2.0.0-alpha',
590 silly addNameRange     '2.0.0-beta',
590 silly addNameRange     '2.0.1',
590 silly addNameRange     '2.0.2',
590 silly addNameRange     '2.0.3',
590 silly addNameRange     '2.0.4',
590 silly addNameRange     '2.0.5',
590 silly addNameRange     '2.0.6',
590 silly addNameRange     '2.0.7',
590 silly addNameRange     '2.0.8',
590 silly addNameRange     '2.0.9',
590 silly addNameRange     '2.0.10',
590 silly addNameRange     '2.0.11',
590 silly addNameRange     '2.1.0',
590 silly addNameRange     '2.2.0',
590 silly addNameRange     '2.2.1',
590 silly addNameRange     '2.3.0',
590 silly addNameRange     '2.3.1',
590 silly addNameRange     '2.3.2',
590 silly addNameRange     '3.0.0',
590 silly addNameRange     '3.0.1',
590 silly addNameRange     '4.0.0',
590 silly addNameRange     '4.0.2',
590 silly addNameRange     '4.0.3',
590 silly addNameRange     '4.1.0',
590 silly addNameRange     '4.1.1',
590 silly addNameRange     '4.2.0',
590 silly addNameRange     '4.2.1',
590 silly addNameRange     '4.2.2',
590 silly addNameRange     '4.3.0',
590 silly addNameRange     '4.3.1',
590 silly addNameRange     '4.3.2',
590 silly addNameRange     '4.3.3',
590 silly addNameRange     '4.3.4',
590 silly addNameRange     '4.3.5',
590 silly addNameRange     '4.3.6',
590 silly addNameRange     '5.0.0',
590 silly addNameRange     '5.0.1',
590 silly addNameRange     '5.0.2',
590 silly addNameRange     '5.0.3',
590 silly addNameRange     '5.1.0',
590 silly addNameRange     '5.1.1',
590 silly addNameRange     '5.2.0',
590 silly addNameRange     '5.3.0',
590 silly addNameRange     '5.4.0',
590 silly addNameRange     '5.4.1',
590 silly addNameRange     '5.5.0',
590 silly addNameRange     '5.5.1',
590 silly addNameRange     '5.6.0',
590 silly addNameRange     '5.7.0',
590 silly addNameRange     '6.0.0',
590 silly addNameRange     '6.1.0',
590 silly addNameRange     '6.1.1',
590 silly addNameRange     '6.1.2',
590 silly addNameRange     '6.1.3',
590 silly addNameRange     '6.2.0',
590 silly addNameRange     '6.3.0',
590 silly addNameRange     '5.7.1',
590 silly addNameRange     '7.0.0',
590 silly addNameRange     '7.1.0',
590 silly addNameRange     '7.1.1',
590 silly addNameRange     '7.1.2',
590 silly addNameRange     '7.1.3',
590 silly addNameRange     '7.2.0',
590 silly addNameRange     '7.2.1',
590 silly addNameRange     '7.2.2',
590 silly addNameRange     '7.2.3',
590 silly addNameRange     '7.3.0',
590 silly addNameRange     '7.3.1',
590 silly addNameRange     '7.3.2',
590 silly addNameRange     '7.3.3',
590 silly addNameRange     '7.3.4',
590 silly addNameRange     '7.3.5',
590 silly addNameRange     '7.3.6',
590 silly addNameRange     '7.3.7' ] ]
591 silly addNamed semver@7.3.7
592 verbose addNamed "7.3.7" is a plain semver version for semver
593 verbose get https://registry.npmjs.org/chokidar not expired, no request
594 silly addNameRange number 2 { name: 'chokidar', range: '>=3.5.1 <4.0.0', hasData: true }
595 silly addNameRange versions [ 'chokidar',
595 silly addNameRange   [ '0.1.1',
595 silly addNameRange     '0.2.0',
595 silly addNameRange     '0.2.1',
595 silly addNameRange     '0.2.2',
595 silly addNameRange     '0.2.3',
595 silly addNameRange     '0.2.4',
595 silly addNameRange     '0.2.5',
595 silly addNameRange     '0.2.6',
595 silly addNameRange     '0.3.0',
595 silly addNameRange     '0.4.0',
595 silly addNameRange     '0.5.0',
595 silly addNameRange     '0.5.1',
595 silly addNameRange     '0.5.2',
595 silly addNameRange     '0.5.3',
595 silly addNameRange     '0.6.0',
595 silly addNameRange     '0.6.1',
595 silly addNameRange     '0.6.2',
595 silly addNameRange     '0.6.3',
595 silly addNameRange     '0.7.0',
595 silly addNameRange     '0.7.1',
595 silly addNameRange     '0.8.0',
595 silly addNameRange     '0.8.1',
595 silly addNameRange     '0.8.2',
595 silly addNameRange     '0.8.3',
595 silly addNameRange     '0.8.4',
595 silly addNameRange     '0.9.0',
595 silly addNameRange     '0.10.0',
595 silly addNameRange     '0.10.1',
595 silly addNameRange     '0.10.2',
595 silly addNameRange     '0.10.3',
595 silly addNameRange     '0.10.4',
595 silly addNameRange     '0.10.5',
595 silly addNameRange     '0.10.6',
595 silly addNameRange     '0.10.7',
595 silly addNameRange     '0.10.8',
595 silly addNameRange     '0.10.9',
595 silly addNameRange     '0.11.0',
595 silly addNameRange     '0.11.1',
595 silly addNameRange     '0.12.0',
595 silly addNameRange     '0.12.1',
595 silly addNameRange     '0.12.2',
595 silly addNameRange     '0.12.3',
595 silly addNameRange     '0.12.4',
595 silly addNameRange     '0.12.5',
595 silly addNameRange     '0.12.6',
595 silly addNameRange     '1.0.0-rc1',
595 silly addNameRange     '1.0.0-rc1.1',
595 silly addNameRange     '1.0.0-rc2',
595 silly addNameRange     '1.0.0-rc3',
595 silly addNameRange     '1.0.0-rc4',
595 silly addNameRange     '1.0.0-rc5',
595 silly addNameRange     '1.0.0',
595 silly addNameRange     '1.0.1',
595 silly addNameRange     '1.0.2',
595 silly addNameRange     '1.0.3',
595 silly addNameRange     '1.0.4',
595 silly addNameRange     '1.0.5',
595 silly addNameRange     '1.0.6',
595 silly addNameRange     '1.1.0',
595 silly addNameRange     '1.2.0',
595 silly addNameRange     '1.3.0',
595 silly addNameRange     '1.4.0',
595 silly addNameRange     '1.4.1',
595 silly addNameRange     '1.4.2',
595 silly addNameRange     '1.4.3',
595 silly addNameRange     '1.5.0',
595 silly addNameRange     '1.5.1',
595 silly addNameRange     '1.5.2',
595 silly addNameRange     '1.6.0',
595 silly addNameRange     '1.6.1',
595 silly addNameRange     '1.7.0',
595 silly addNameRange     '2.0.0',
595 silly addNameRange     '2.0.1',
595 silly addNameRange     '2.0.2',
595 silly addNameRange     '2.0.3',
595 silly addNameRange     '2.0.4',
595 silly addNameRange     '2.1.0',
595 silly addNameRange     '2.1.1',
595 silly addNameRange     '2.1.2',
595 silly addNameRange     '2.1.3',
595 silly addNameRange     '2.1.4',
595 silly addNameRange     '2.1.5',
595 silly addNameRange     '3.0.0',
595 silly addNameRange     '2.1.6',
595 silly addNameRange     '3.0.1',
595 silly addNameRange     '3.0.2',
595 silly addNameRange     '2.1.8',
595 silly addNameRange     '3.1.0',
595 silly addNameRange     '3.1.1',
595 silly addNameRange     '3.2.0',
595 silly addNameRange     '3.2.1',
595 silly addNameRange     '3.2.2',
595 silly addNameRange     '3.2.3',
595 silly addNameRange     '3.3.0',
595 silly addNameRange     '3.3.1',
595 silly addNameRange     '3.4.0',
595 silly addNameRange     '3.4.1',
595 silly addNameRange     '3.4.2',
595 silly addNameRange     '3.4.3',
595 silly addNameRange     '3.5.0',
595 silly addNameRange     ... 3 more items ] ]
596 silly addNamed chokidar@3.5.3
597 verbose addNamed "3.5.3" is a plain semver version for chokidar
598 verbose get https://registry.npmjs.org/commander not expired, no request
599 silly cache afterAdd debug@4.3.4
600 verbose afterAdd /home/raj/.npm/debug/4.3.4/package/package.json not in flight; writing
601 http 304 https://registry.npmjs.org/pm2-sysmonit
602 verbose headers { date: 'Sat, 01 Oct 2022 05:02:55 GMT',
602 verbose headers   connection: 'keep-alive',
602 verbose headers   'cf-ray': '7532a617fd4318bc-EWR',
602 verbose headers   'cache-control': 'public, max-age=300',
602 verbose headers   etag: '"a40251b50cf25bf8fe753a9299008311"',
602 verbose headers   'last-modified': 'Fri, 13 May 2022 03:04:53 GMT',
602 verbose headers   vary: 'Accept-Encoding',
602 verbose headers   'cf-cache-status': 'REVALIDATED',
602 verbose headers   'x-amz-replication-status': 'COMPLETED',
602 verbose headers   server: 'cloudflare' }
603 silly get cb [ 304,
603 silly get   { date: 'Sat, 01 Oct 2022 05:02:55 GMT',
603 silly get     connection: 'keep-alive',
603 silly get     'cf-ray': '7532a617fd4318bc-EWR',
603 silly get     'cache-control': 'public, max-age=300',
603 silly get     etag: '"a40251b50cf25bf8fe753a9299008311"',
603 silly get     'last-modified': 'Fri, 13 May 2022 03:04:53 GMT',
603 silly get     vary: 'Accept-Encoding',
603 silly get     'cf-cache-status': 'REVALIDATED',
603 silly get     'x-amz-replication-status': 'COMPLETED',
603 silly get     server: 'cloudflare' } ]
604 verbose etag https://registry.npmjs.org/pm2-sysmonit from cache
605 verbose get saving pm2-sysmonit to /home/raj/.npm/registry.npmjs.org/pm2-sysmonit/.cache.json
606 http 304 https://registry.npmjs.org/blessed
607 verbose headers { date: 'Sat, 01 Oct 2022 05:02:55 GMT',
607 verbose headers   connection: 'keep-alive',
607 verbose headers   'cf-ray': '7532a617fdb71931-EWR',
607 verbose headers   'cache-control': 'public, max-age=300',
607 verbose headers   etag: '"dc3c1794b9341f75b1755c39bfea3125"',
607 verbose headers   'last-modified': 'Mon, 13 Jun 2022 04:47:09 GMT',
607 verbose headers   vary: 'Accept-Encoding',
607 verbose headers   'cf-cache-status': 'REVALIDATED',
607 verbose headers   'x-amz-replication-status': 'COMPLETED',
607 verbose headers   server: 'cloudflare' }
608 silly get cb [ 304,
608 silly get   { date: 'Sat, 01 Oct 2022 05:02:55 GMT',
608 silly get     connection: 'keep-alive',
608 silly get     'cf-ray': '7532a617fdb71931-EWR',
608 silly get     'cache-control': 'public, max-age=300',
608 silly get     etag: '"dc3c1794b9341f75b1755c39bfea3125"',
608 silly get     'last-modified': 'Mon, 13 Jun 2022 04:47:09 GMT',
608 silly get     vary: 'Accept-Encoding',
608 silly get     'cf-cache-status': 'REVALIDATED',
608 silly get     'x-amz-replication-status': 'COMPLETED',
608 silly get     server: 'cloudflare' } ]
609 verbose etag https://registry.npmjs.org/blessed from cache
610 verbose get saving blessed to /home/raj/.npm/registry.npmjs.org/blessed/.cache.json
611 http 304 https://registry.npmjs.org/pm2-axon
612 verbose headers { date: 'Sat, 01 Oct 2022 05:02:55 GMT',
612 verbose headers   connection: 'keep-alive',
612 verbose headers   'cf-ray': '7532a617fc48c44d-EWR',
612 verbose headers   'cache-control': 'public, max-age=300',
612 verbose headers   etag: '"bbdd8c9f59540a9c594e4bcecd92f1e8"',
612 verbose headers   'last-modified': 'Fri, 24 Jun 2022 04:46:24 GMT',
612 verbose headers   vary: 'Accept-Encoding',
612 verbose headers   'cf-cache-status': 'REVALIDATED',
612 verbose headers   'x-amz-replication-status': 'PENDING',
612 verbose headers   server: 'cloudflare' }
613 silly get cb [ 304,
613 silly get   { date: 'Sat, 01 Oct 2022 05:02:55 GMT',
613 silly get     connection: 'keep-alive',
613 silly get     'cf-ray': '7532a617fc48c44d-EWR',
613 silly get     'cache-control': 'public, max-age=300',
613 silly get     etag: '"bbdd8c9f59540a9c594e4bcecd92f1e8"',
613 silly get     'last-modified': 'Fri, 24 Jun 2022 04:46:24 GMT',
613 silly get     vary: 'Accept-Encoding',
613 silly get     'cf-cache-status': 'REVALIDATED',
613 silly get     'x-amz-replication-status': 'PENDING',
613 silly get     server: 'cloudflare' } ]
614 verbose etag https://registry.npmjs.org/pm2-axon from cache
615 verbose get saving pm2-axon to /home/raj/.npm/registry.npmjs.org/pm2-axon/.cache.json
616 http 304 https://registry.npmjs.org/sprintf-js
617 verbose headers { date: 'Sat, 01 Oct 2022 05:02:55 GMT',
617 verbose headers   connection: 'keep-alive',
617 verbose headers   'cf-ray': '7532a617ffa718c4-EWR',
617 verbose headers   'cache-control': 'public, max-age=300',
617 verbose headers   etag: '"e1c68af3543696284ea378dd119f8876"',
617 verbose headers   'last-modified': 'Sun, 26 Jun 2022 23:08:13 GMT',
617 verbose headers   vary: 'Accept-Encoding',
617 verbose headers   'cf-cache-status': 'REVALIDATED',
617 verbose headers   'x-amz-replication-status': 'COMPLETED',
617 verbose headers   server: 'cloudflare' }
618 silly get cb [ 304,
618 silly get   { date: 'Sat, 01 Oct 2022 05:02:55 GMT',
618 silly get     connection: 'keep-alive',
618 silly get     'cf-ray': '7532a617ffa718c4-EWR',
618 silly get     'cache-control': 'public, max-age=300',
618 silly get     etag: '"e1c68af3543696284ea378dd119f8876"',
618 silly get     'last-modified': 'Sun, 26 Jun 2022 23:08:13 GMT',
618 silly get     vary: 'Accept-Encoding',
618 silly get     'cf-cache-status': 'REVALIDATED',
618 silly get     'x-amz-replication-status': 'COMPLETED',
618 silly get     server: 'cloudflare' } ]
619 verbose etag https://registry.npmjs.org/sprintf-js from cache
620 verbose get saving sprintf-js to /home/raj/.npm/registry.npmjs.org/sprintf-js/.cache.json
621 http 304 https://registry.npmjs.org/fclone
622 verbose headers { date: 'Sat, 01 Oct 2022 05:02:55 GMT',
622 verbose headers   connection: 'keep-alive',
622 verbose headers   'cf-ray': '7532a617f9ed1780-EWR',
622 verbose headers   'cache-control': 'public, max-age=300',
622 verbose headers   etag: '"89d137ce8619537f634e13c64d66d4fc"',
622 verbose headers   'last-modified': 'Fri, 17 Jun 2022 23:50:42 GMT',
622 verbose headers   vary: 'Accept-Encoding',
622 verbose headers   'cf-cache-status': 'REVALIDATED',
622 verbose headers   'x-amz-replication-status': 'COMPLETED',
622 verbose headers   server: 'cloudflare' }
623 silly get cb [ 304,
623 silly get   { date: 'Sat, 01 Oct 2022 05:02:55 GMT',
623 silly get     connection: 'keep-alive',
623 silly get     'cf-ray': '7532a617f9ed1780-EWR',
623 silly get     'cache-control': 'public, max-age=300',
623 silly get     etag: '"89d137ce8619537f634e13c64d66d4fc"',
623 silly get     'last-modified': 'Fri, 17 Jun 2022 23:50:42 GMT',
623 silly get     vary: 'Accept-Encoding',
623 silly get     'cf-cache-status': 'REVALIDATED',
623 silly get     'x-amz-replication-status': 'COMPLETED',
623 silly get     server: 'cloudflare' } ]
624 verbose etag https://registry.npmjs.org/fclone from cache
625 verbose get saving fclone to /home/raj/.npm/registry.npmjs.org/fclone/.cache.json
626 http 304 https://registry.npmjs.org/croner
627 verbose headers { date: 'Sat, 01 Oct 2022 05:02:55 GMT',
627 verbose headers   connection: 'keep-alive',
627 verbose headers   'cf-ray': '7532a6180eb11a40-EWR',
627 verbose headers   'cache-control': 'public, max-age=300',
627 verbose headers   etag: '"5f2670edd68d453ae9a004d8e95791ec"',
627 verbose headers   'last-modified': 'Thu, 29 Sep 2022 18:52:44 GMT',
627 verbose headers   vary: 'Accept-Encoding',
627 verbose headers   'cf-cache-status': 'REVALIDATED',
627 verbose headers   'x-amz-replication-status': 'COMPLETED',
627 verbose headers   server: 'cloudflare' }
628 silly get cb [ 304,
628 silly get   { date: 'Sat, 01 Oct 2022 05:02:55 GMT',
628 silly get     connection: 'keep-alive',
628 silly get     'cf-ray': '7532a6180eb11a40-EWR',
628 silly get     'cache-control': 'public, max-age=300',
628 silly get     etag: '"5f2670edd68d453ae9a004d8e95791ec"',
628 silly get     'last-modified': 'Thu, 29 Sep 2022 18:52:44 GMT',
628 silly get     vary: 'Accept-Encoding',
628 silly get     'cf-cache-status': 'REVALIDATED',
628 silly get     'x-amz-replication-status': 'COMPLETED',
628 silly get     server: 'cloudflare' } ]
629 verbose etag https://registry.npmjs.org/croner from cache
630 verbose get saving croner to /home/raj/.npm/registry.npmjs.org/croner/.cache.json
631 http 304 https://registry.npmjs.org/pidusage
632 verbose headers { date: 'Sat, 01 Oct 2022 05:02:55 GMT',
632 verbose headers   connection: 'keep-alive',
632 verbose headers   'cf-ray': '7532a617f8dcc466-EWR',
632 verbose headers   'cache-control': 'public, max-age=300',
632 verbose headers   etag: '"6faed35f7e7434307699345ea2525c02"',
632 verbose headers   'last-modified': 'Thu, 23 Jun 2022 22:56:11 GMT',
632 verbose headers   vary: 'Accept-Encoding',
632 verbose headers   'cf-cache-status': 'REVALIDATED',
632 verbose headers   'x-amz-replication-status': 'COMPLETED',
632 verbose headers   server: 'cloudflare' }
633 silly get cb [ 304,
633 silly get   { date: 'Sat, 01 Oct 2022 05:02:55 GMT',
633 silly get     connection: 'keep-alive',
633 silly get     'cf-ray': '7532a617f8dcc466-EWR',
633 silly get     'cache-control': 'public, max-age=300',
633 silly get     etag: '"6faed35f7e7434307699345ea2525c02"',
633 silly get     'last-modified': 'Thu, 23 Jun 2022 22:56:11 GMT',
633 silly get     vary: 'Accept-Encoding',
633 silly get     'cf-cache-status': 'REVALIDATED',
633 silly get     'x-amz-replication-status': 'COMPLETED',
633 silly get     server: 'cloudflare' } ]
634 verbose etag https://registry.npmjs.org/pidusage from cache
635 verbose get saving pidusage to /home/raj/.npm/registry.npmjs.org/pidusage/.cache.json
636 http 304 https://registry.npmjs.org/promptly
637 verbose headers { date: 'Sat, 01 Oct 2022 05:02:55 GMT',
637 verbose headers   connection: 'keep-alive',
637 verbose headers   'cf-ray': '7532a617f97ac481-EWR',
637 verbose headers   'cache-control': 'public, max-age=300',
637 verbose headers   etag: '"b1a66f176b51e27e2f657c19b9690716"',
637 verbose headers   'last-modified': 'Fri, 24 Jun 2022 19:56:46 GMT',
637 verbose headers   vary: 'Accept-Encoding',
637 verbose headers   'cf-cache-status': 'REVALIDATED',
637 verbose headers   'x-amz-replication-status': 'COMPLETED',
637 verbose headers   server: 'cloudflare' }
638 silly get cb [ 304,
638 silly get   { date: 'Sat, 01 Oct 2022 05:02:55 GMT',
638 silly get     connection: 'keep-alive',
638 silly get     'cf-ray': '7532a617f97ac481-EWR',
638 silly get     'cache-control': 'public, max-age=300',
638 silly get     etag: '"b1a66f176b51e27e2f657c19b9690716"',
638 silly get     'last-modified': 'Fri, 24 Jun 2022 19:56:46 GMT',
638 silly get     vary: 'Accept-Encoding',
638 silly get     'cf-cache-status': 'REVALIDATED',
638 silly get     'x-amz-replication-status': 'COMPLETED',
638 silly get     server: 'cloudflare' } ]
639 verbose etag https://registry.npmjs.org/promptly from cache
640 verbose get saving promptly to /home/raj/.npm/registry.npmjs.org/promptly/.cache.json
641 http 304 https://registry.npmjs.org/vizion
642 verbose headers { date: 'Sat, 01 Oct 2022 05:02:55 GMT',
642 verbose headers   connection: 'keep-alive',
642 verbose headers   'cf-ray': '7532a6180b8a19fb-EWR',
642 verbose headers   'cache-control': 'public, max-age=300',
642 verbose headers   etag: '"0d38e6118baa8d72e15ec186c0c7ee95"',
642 verbose headers   'last-modified': 'Tue, 28 Jun 2022 17:56:57 GMT',
642 verbose headers   vary: 'Accept-Encoding',
642 verbose headers   'cf-cache-status': 'REVALIDATED',
642 verbose headers   'x-amz-replication-status': 'COMPLETED',
642 verbose headers   server: 'cloudflare' }
643 silly get cb [ 304,
643 silly get   { date: 'Sat, 01 Oct 2022 05:02:55 GMT',
643 silly get     connection: 'keep-alive',
643 silly get     'cf-ray': '7532a6180b8a19fb-EWR',
643 silly get     'cache-control': 'public, max-age=300',
643 silly get     etag: '"0d38e6118baa8d72e15ec186c0c7ee95"',
643 silly get     'last-modified': 'Tue, 28 Jun 2022 17:56:57 GMT',
643 silly get     vary: 'Accept-Encoding',
643 silly get     'cf-cache-status': 'REVALIDATED',
643 silly get     'x-amz-replication-status': 'COMPLETED',
643 silly get     server: 'cloudflare' } ]
644 verbose etag https://registry.npmjs.org/vizion from cache
645 verbose get saving vizion to /home/raj/.npm/registry.npmjs.org/vizion/.cache.json
646 http 304 https://registry.npmjs.org/yamljs
647 verbose headers { date: 'Sat, 01 Oct 2022 05:02:55 GMT',
647 verbose headers   connection: 'keep-alive',
647 verbose headers   'cf-ray': '7532a617fb42f025-EWR',
647 verbose headers   'cache-control': 'public, max-age=300',
647 verbose headers   etag: '"a83258708a535655e2ece79635b2d293"',
647 verbose headers   'last-modified': 'Wed, 29 Jun 2022 06:50:15 GMT',
647 verbose headers   vary: 'Accept-Encoding',
647 verbose headers   'cf-cache-status': 'REVALIDATED',
647 verbose headers   'x-amz-replication-status': 'COMPLETED',
647 verbose headers   server: 'cloudflare' }
648 silly get cb [ 304,
648 silly get   { date: 'Sat, 01 Oct 2022 05:02:55 GMT',
648 silly get     connection: 'keep-alive',
648 silly get     'cf-ray': '7532a617fb42f025-EWR',
648 silly get     'cache-control': 'public, max-age=300',
648 silly get     etag: '"a83258708a535655e2ece79635b2d293"',
648 silly get     'last-modified': 'Wed, 29 Jun 2022 06:50:15 GMT',
648 silly get     vary: 'Accept-Encoding',
648 silly get     'cf-cache-status': 'REVALIDATED',
648 silly get     'x-amz-replication-status': 'COMPLETED',
648 silly get     server: 'cloudflare' } ]
649 verbose etag https://registry.npmjs.org/yamljs from cache
650 verbose get saving yamljs to /home/raj/.npm/registry.npmjs.org/yamljs/.cache.json
651 http 304 https://registry.npmjs.org/cli-tableau
652 verbose headers { date: 'Sat, 01 Oct 2022 05:02:55 GMT',
652 verbose headers   connection: 'keep-alive',
652 verbose headers   'cf-ray': '7532a617fdabc404-EWR',
652 verbose headers   'cache-control': 'public, max-age=300',
652 verbose headers   etag: '"1351355856f024a62c9b825f02b3ab53"',
652 verbose headers   'last-modified': 'Tue, 12 Apr 2022 06:41:27 GMT',
652 verbose headers   vary: 'Accept-Encoding',
652 verbose headers   'cf-cache-status': 'REVALIDATED',
652 verbose headers   'x-amz-replication-status': 'COMPLETED',
652 verbose headers   server: 'cloudflare' }
653 silly get cb [ 304,
653 silly get   { date: 'Sat, 01 Oct 2022 05:02:55 GMT',
653 silly get     connection: 'keep-alive',
653 silly get     'cf-ray': '7532a617fdabc404-EWR',
653 silly get     'cache-control': 'public, max-age=300',
653 silly get     etag: '"1351355856f024a62c9b825f02b3ab53"',
653 silly get     'last-modified': 'Tue, 12 Apr 2022 06:41:27 GMT',
653 silly get     vary: 'Accept-Encoding',
653 silly get     'cf-cache-status': 'REVALIDATED',
653 silly get     'x-amz-replication-status': 'COMPLETED',
653 silly get     server: 'cloudflare' } ]
654 verbose etag https://registry.npmjs.org/cli-tableau from cache
655 verbose get saving cli-tableau to /home/raj/.npm/registry.npmjs.org/cli-tableau/.cache.json
656 http 304 https://registry.npmjs.org/source-map-support
657 verbose headers { date: 'Sat, 01 Oct 2022 05:02:55 GMT',
657 verbose headers   connection: 'keep-alive',
657 verbose headers   'cf-ray': '7532a617fb7e19fb-EWR',
657 verbose headers   'cache-control': 'public, max-age=300',
657 verbose headers   etag: '"6970a88035be23dffc972e6be944456a"',
657 verbose headers   'last-modified': 'Sun, 26 Jun 2022 22:22:58 GMT',
657 verbose headers   vary: 'Accept-Encoding',
657 verbose headers   'cf-cache-status': 'REVALIDATED',
657 verbose headers   'x-amz-replication-status': 'COMPLETED',
657 verbose headers   server: 'cloudflare' }
658 silly get cb [ 304,
658 silly get   { date: 'Sat, 01 Oct 2022 05:02:55 GMT',
658 silly get     connection: 'keep-alive',
658 silly get     'cf-ray': '7532a617fb7e19fb-EWR',
658 silly get     'cache-control': 'public, max-age=300',
658 silly get     etag: '"6970a88035be23dffc972e6be944456a"',
658 silly get     'last-modified': 'Sun, 26 Jun 2022 22:22:58 GMT',
658 silly get     vary: 'Accept-Encoding',
658 silly get     'cf-cache-status': 'REVALIDATED',
658 silly get     'x-amz-replication-status': 'COMPLETED',
658 silly get     server: 'cloudflare' } ]
659 verbose etag https://registry.npmjs.org/source-map-support from cache
660 verbose get saving source-map-support to /home/raj/.npm/registry.npmjs.org/source-map-support/.cache.json
661 silly resolveWithNewModule pm2-multimeter@0.1.2 checking installable status
662 silly cache add args [ 'pm2-multimeter@^0.1.2', null ]
663 verbose cache add spec pm2-multimeter@^0.1.2
664 silly cache add parsed spec Result {
664 silly cache add   raw: 'pm2-multimeter@^0.1.2',
664 silly cache add   scope: null,
664 silly cache add   name: 'pm2-multimeter',
664 silly cache add   rawSpec: '^0.1.2',
664 silly cache add   spec: '>=0.1.2 <0.2.0',
664 silly cache add   type: 'range' }
665 silly addNamed pm2-multimeter@>=0.1.2 <0.2.0
666 verbose addNamed ">=0.1.2 <0.2.0" is a valid semver range for pm2-multimeter
667 silly addNameRange { name: 'pm2-multimeter',
667 silly addNameRange   range: '>=0.1.2 <0.2.0',
667 silly addNameRange   hasData: false }
668 silly mapToRegistry name pm2-multimeter
669 silly mapToRegistry using default registry
670 silly mapToRegistry registry https://registry.npmjs.org/
671 silly mapToRegistry uri https://registry.npmjs.org/pm2-multimeter
672 verbose addNameRange registry:https://registry.npmjs.org/pm2-multimeter not in flight; fetching
673 silly resolveWithNewModule pm2-axon-rpc@0.7.1 checking installable status
674 silly cache add args [ 'pm2-axon-rpc@~0.7.1', null ]
675 verbose cache add spec pm2-axon-rpc@~0.7.1
676 silly cache add parsed spec Result {
676 silly cache add   raw: 'pm2-axon-rpc@~0.7.1',
676 silly cache add   scope: null,
676 silly cache add   name: 'pm2-axon-rpc',
676 silly cache add   rawSpec: '~0.7.1',
676 silly cache add   spec: '>=0.7.1 <0.8.0',
676 silly cache add   type: 'range' }
677 silly addNamed pm2-axon-rpc@>=0.7.1 <0.8.0
678 verbose addNamed ">=0.7.1 <0.8.0" is a valid semver range for pm2-axon-rpc
679 silly addNameRange { name: 'pm2-axon-rpc', range: '>=0.7.1 <0.8.0', hasData: false }
680 silly mapToRegistry name pm2-axon-rpc
681 silly mapToRegistry using default registry
682 silly mapToRegistry registry https://registry.npmjs.org/
683 silly mapToRegistry uri https://registry.npmjs.org/pm2-axon-rpc
684 verbose addNameRange registry:https://registry.npmjs.org/pm2-axon-rpc not in flight; fetching
685 silly cache afterAdd eventemitter2@5.0.1
686 verbose afterAdd /home/raj/.npm/eventemitter2/5.0.1/package/package.json not in flight; writing
687 silly resolveWithNewModule dayjs@1.8.36 checking installable status
688 silly cache add args [ 'dayjs@~1.8.25', null ]
689 verbose cache add spec dayjs@~1.8.25
690 silly cache add parsed spec Result {
690 silly cache add   raw: 'dayjs@~1.8.25',
690 silly cache add   scope: null,
690 silly cache add   name: 'dayjs',
690 silly cache add   rawSpec: '~1.8.25',
690 silly cache add   spec: '>=1.8.25 <1.9.0',
690 silly cache add   type: 'range' }
691 silly addNamed dayjs@>=1.8.25 <1.9.0
692 verbose addNamed ">=1.8.25 <1.9.0" is a valid semver range for dayjs
693 silly addNameRange { name: 'dayjs', range: '>=1.8.25 <1.9.0', hasData: false }
694 silly mapToRegistry name dayjs
695 silly mapToRegistry using default registry
696 silly mapToRegistry registry https://registry.npmjs.org/
697 silly mapToRegistry uri https://registry.npmjs.org/dayjs
698 verbose addNameRange registry:https://registry.npmjs.org/dayjs not in flight; fetching
699 http 304 https://registry.npmjs.org/pm2-deploy
700 verbose headers { date: 'Sat, 01 Oct 2022 05:02:55 GMT',
700 verbose headers   connection: 'keep-alive',
700 verbose headers   'cf-ray': '7532a617fbafc425-EWR',
700 verbose headers   'cache-control': 'public, max-age=300',
700 verbose headers   etag: '"4b685da6b54398c4ba045c2905628726"',
700 verbose headers   'last-modified': 'Fri, 24 Jun 2022 04:48:00 GMT',
700 verbose headers   vary: 'Accept-Encoding',
700 verbose headers   'cf-cache-status': 'REVALIDATED',
700 verbose headers   'x-amz-replication-status': 'PENDING',
700 verbose headers   server: 'cloudflare' }
701 silly get cb [ 304,
701 silly get   { date: 'Sat, 01 Oct 2022 05:02:55 GMT',
701 silly get     connection: 'keep-alive',
701 silly get     'cf-ray': '7532a617fbafc425-EWR',
701 silly get     'cache-control': 'public, max-age=300',
701 silly get     etag: '"4b685da6b54398c4ba045c2905628726"',
701 silly get     'last-modified': 'Fri, 24 Jun 2022 04:48:00 GMT',
701 silly get     vary: 'Accept-Encoding',
701 silly get     'cf-cache-status': 'REVALIDATED',
701 silly get     'x-amz-replication-status': 'PENDING',
701 silly get     server: 'cloudflare' } ]
702 verbose etag https://registry.npmjs.org/pm2-deploy from cache
703 verbose get saving pm2-deploy to /home/raj/.npm/registry.npmjs.org/pm2-deploy/.cache.json
704 silly cache afterAdd chalk@3.0.0
705 verbose afterAdd /home/raj/.npm/chalk/3.0.0/package/package.json not in flight; writing
706 silly cache afterAdd async@3.2.4
707 verbose afterAdd /home/raj/.npm/async/3.2.4/package/package.json not in flight; writing
708 silly cache afterAdd enquirer@2.3.6
709 verbose afterAdd /home/raj/.npm/enquirer/2.3.6/package/package.json not in flight; writing
710 verbose afterAdd /home/raj/.npm/debug/4.3.4/package/package.json written
711 silly cache afterAdd needle@2.4.0
712 verbose afterAdd /home/raj/.npm/needle/2.4.0/package/package.json not in flight; writing
713 silly cache afterAdd mkdirp@1.0.4
714 verbose afterAdd /home/raj/.npm/mkdirp/1.0.4/package/package.json not in flight; writing
715 silly cache afterAdd chokidar@3.5.3
716 verbose afterAdd /home/raj/.npm/chokidar/3.5.3/package/package.json not in flight; writing
717 silly cache afterAdd commander@2.15.1
718 verbose afterAdd /home/raj/.npm/commander/2.15.1/package/package.json not in flight; writing
719 silly cache afterAdd semver@7.3.7
720 verbose afterAdd /home/raj/.npm/semver/7.3.7/package/package.json not in flight; writing
721 verbose get https://registry.npmjs.org/pm2-multimeter not expired, no request
722 silly addNameRange number 2 { name: 'pm2-multimeter',
722 silly addNameRange   range: '>=0.1.2 <0.2.0',
722 silly addNameRange   hasData: true }
723 silly addNameRange versions [ 'pm2-multimeter', [ '0.1.2' ] ]
724 silly addNamed pm2-multimeter@0.1.2
725 verbose addNamed "0.1.2" is a plain semver version for pm2-multimeter
726 verbose get https://registry.npmjs.org/pm2-axon-rpc not expired, no request
727 silly addNameRange number 2 { name: 'pm2-axon-rpc', range: '>=0.7.1 <0.8.0', hasData: true }
728 silly addNameRange versions [ 'pm2-axon-rpc',
728 silly addNameRange   [ '0.0.2',
728 silly addNameRange     '0.2.0',
728 silly addNameRange     '0.2.1',
728 silly addNameRange     '0.3.1',
728 silly addNameRange     '0.3.2',
728 silly addNameRange     '0.3.3',
728 silly addNameRange     '0.3.4',
728 silly addNameRange     '0.3.5',
728 silly addNameRange     '0.3.6',
728 silly addNameRange     '0.4.0',
728 silly addNameRange     '0.4.2',
728 silly addNameRange     '0.4.3',
728 silly addNameRange     '0.4.4',
728 silly addNameRange     '0.4.5',
728 silly addNameRange     '0.4.6',
728 silly addNameRange     '0.5.0',
728 silly addNameRange     '0.5.1',
728 silly addNameRange     '0.5.2',
728 silly addNameRange     '0.6.0',
728 silly addNameRange     '0.7.0',
728 silly addNameRange     '0.7.1' ] ]
729 silly addNamed pm2-axon-rpc@0.7.1
730 verbose addNamed "0.7.1" is a plain semver version for pm2-axon-rpc
731 verbose afterAdd /home/raj/.npm/eventemitter2/5.0.1/package/package.json written
732 verbose get https://registry.npmjs.org/dayjs not expired, no request
733 silly addNameRange number 2 { name: 'dayjs', range: '>=1.8.25 <1.9.0', hasData: true }
734 silly addNameRange versions [ 'dayjs',
734 silly addNameRange   [ '1.0.0',
734 silly addNameRange     '1.0.1',
734 silly addNameRange     '1.1.0',
734 silly addNameRange     '1.2.0',
734 silly addNameRange     '1.3.0',
734 silly addNameRange     '1.4.0',
734 silly addNameRange     '1.4.1',
734 silly addNameRange     '1.4.2',
734 silly addNameRange     '1.4.3',
734 silly addNameRange     '1.5.0',
734 silly addNameRange     '1.5.1',
734 silly addNameRange     '1.5.2',
734 silly addNameRange     '1.5.3',
734 silly addNameRange     '1.5.4',
734 silly addNameRange     '1.5.5',
734 silly addNameRange     '1.5.6',
734 silly addNameRange     '1.5.8',
734 silly addNameRange     '1.5.9',
734 silly addNameRange     '1.5.10',
734 silly addNameRange     '1.5.11',
734 silly addNameRange     '1.5.12',
734 silly addNameRange     '1.5.13',
734 silly addNameRange     '1.5.14',
734 silly addNameRange     '1.5.15',
734 silly addNameRange     '1.5.16',
734 silly addNameRange     '1.5.17',
734 silly addNameRange     '1.5.18',
734 silly addNameRange     '1.5.19',
734 silly addNameRange     '1.5.20',
734 silly addNameRange     '1.5.21',
734 silly addNameRange     '1.5.22',
734 silly addNameRange     '1.5.23',
734 silly addNameRange     '1.5.24',
734 silly addNameRange     '1.6.0',
734 silly addNameRange     '1.6.1',
734 silly addNameRange     '1.6.2',
734 silly addNameRange     '1.6.3',
734 silly addNameRange     '1.6.4',
734 silly addNameRange     '1.6.5',
734 silly addNameRange     '1.6.6',
734 silly addNameRange     '1.6.7',
734 silly addNameRange     '1.6.8',
734 silly addNameRange     '1.6.9',
734 silly addNameRange     '1.6.10',
734 silly addNameRange     '1.7.0',
734 silly addNameRange     '1.7.1',
734 silly addNameRange     '1.7.2',
734 silly addNameRange     '1.7.3',
734 silly addNameRange     '1.7.4',
734 silly addNameRange     '1.7.5',
734 silly addNameRange     '1.7.6',
734 silly addNameRange     '1.7.7',
734 silly addNameRange     '1.7.8',
734 silly addNameRange     '1.8.0',
734 silly addNameRange     '1.8.1',
734 silly addNameRange     '1.8.2',
734 silly addNameRange     '1.8.3',
734 silly addNameRange     '1.8.4',
734 silly addNameRange     '1.8.5',
734 silly addNameRange     '1.8.6',
734 silly addNameRange     '1.8.7',
734 silly addNameRange     '1.8.8',
734 silly addNameRange     '1.8.9',
734 silly addNameRange     '1.8.10',
734 silly addNameRange     '1.8.11',
734 silly addNameRange     '1.8.12',
734 silly addNameRange     '1.8.13',
734 silly addNameRange     '1.8.14',
734 silly addNameRange     '1.8.15',
734 silly addNameRange     '1.8.16',
734 silly addNameRange     '1.8.17',
734 silly addNameRange     '1.8.18',
734 silly addNameRange     '1.8.19',
734 silly addNameRange     '1.8.20',
734 silly addNameRange     '1.8.21',
734 silly addNameRange     '1.8.22',
734 silly addNameRange     '1.8.23',
734 silly addNameRange     '1.8.24',
734 silly addNameRange     '1.8.25',
734 silly addNameRange     '1.8.26',
734 silly addNameRange     '1.8.27',
734 silly addNameRange     '1.8.28',
734 silly addNameRange     '1.8.29',
734 silly addNameRange     '1.8.30',
734 silly addNameRange     '1.8.31',
734 silly addNameRange     '1.8.32',
734 silly addNameRange     '1.8.33',
734 silly addNameRange     '1.8.34',
734 silly addNameRange     '1.8.35',
734 silly addNameRange     '1.8.36',
734 silly addNameRange     '1.9.0',
734 silly addNameRange     '1.9.1',
734 silly addNameRange     '1.9.2',
734 silly addNameRange     '1.9.3',
734 silly addNameRange     '1.9.4',
734 silly addNameRange     '1.9.5',
734 silly addNameRange     '1.9.6',
734 silly addNameRange     '1.9.7',
734 silly addNameRange     '1.9.8',
734 silly addNameRange     '1.10.0',
734 silly addNameRange     ... 18 more items ] ]
735 silly addNamed dayjs@1.8.36
736 verbose addNamed "1.8.36" is a plain semver version for dayjs
737 silly resolveWithNewModule pm2-sysmonit@1.2.8 checking installable status
738 silly cache add args [ 'pm2-sysmonit@^1.2.8', null ]
739 verbose cache add spec pm2-sysmonit@^1.2.8
740 silly cache add parsed spec Result {
740 silly cache add   raw: 'pm2-sysmonit@^1.2.8',
740 silly cache add   scope: null,
740 silly cache add   name: 'pm2-sysmonit',
740 silly cache add   rawSpec: '^1.2.8',
740 silly cache add   spec: '>=1.2.8 <2.0.0',
740 silly cache add   type: 'range' }
741 silly addNamed pm2-sysmonit@>=1.2.8 <2.0.0
742 verbose addNamed ">=1.2.8 <2.0.0" is a valid semver range for pm2-sysmonit
743 silly addNameRange { name: 'pm2-sysmonit', range: '>=1.2.8 <2.0.0', hasData: false }
744 silly mapToRegistry name pm2-sysmonit
745 silly mapToRegistry using default registry
746 silly mapToRegistry registry https://registry.npmjs.org/
747 silly mapToRegistry uri https://registry.npmjs.org/pm2-sysmonit
748 verbose addNameRange registry:https://registry.npmjs.org/pm2-sysmonit not in flight; fetching
749 silly resolveWithNewModule blessed@0.1.81 checking installable status
750 silly cache add args [ 'blessed@0.1.81', null ]
751 verbose cache add spec blessed@0.1.81
752 silly cache add parsed spec Result {
752 silly cache add   raw: 'blessed@0.1.81',
752 silly cache add   scope: null,
752 silly cache add   name: 'blessed',
752 silly cache add   rawSpec: '0.1.81',
752 silly cache add   spec: '0.1.81',
752 silly cache add   type: 'version' }
753 silly addNamed blessed@0.1.81
754 verbose addNamed "0.1.81" is a plain semver version for blessed
755 silly mapToRegistry name blessed
756 silly mapToRegistry using default registry
757 silly mapToRegistry registry https://registry.npmjs.org/
758 silly mapToRegistry uri https://registry.npmjs.org/blessed
759 verbose addNameVersion registry:https://registry.npmjs.org/blessed not in flight; fetching
760 silly resolveWithNewModule pm2-axon@4.0.1 checking installable status
761 silly cache add args [ 'pm2-axon@~4.0.1', null ]
762 verbose cache add spec pm2-axon@~4.0.1
763 silly cache add parsed spec Result {
763 silly cache add   raw: 'pm2-axon@~4.0.1',
763 silly cache add   scope: null,
763 silly cache add   name: 'pm2-axon',
763 silly cache add   rawSpec: '~4.0.1',
763 silly cache add   spec: '>=4.0.1 <4.1.0',
763 silly cache add   type: 'range' }
764 silly addNamed pm2-axon@>=4.0.1 <4.1.0
765 verbose addNamed ">=4.0.1 <4.1.0" is a valid semver range for pm2-axon
766 silly addNameRange { name: 'pm2-axon', range: '>=4.0.1 <4.1.0', hasData: false }
767 silly mapToRegistry name pm2-axon
768 silly mapToRegistry using default registry
769 silly mapToRegistry registry https://registry.npmjs.org/
770 silly mapToRegistry uri https://registry.npmjs.org/pm2-axon
771 verbose addNameRange registry:https://registry.npmjs.org/pm2-axon not in flight; fetching
772 silly resolveWithNewModule sprintf-js@1.1.2 checking installable status
773 silly cache add args [ 'sprintf-js@1.1.2', null ]
774 verbose cache add spec sprintf-js@1.1.2
775 silly cache add parsed spec Result {
775 silly cache add   raw: 'sprintf-js@1.1.2',
775 silly cache add   scope: null,
775 silly cache add   name: 'sprintf-js',
775 silly cache add   rawSpec: '1.1.2',
775 silly cache add   spec: '1.1.2',
775 silly cache add   type: 'version' }
776 silly addNamed sprintf-js@1.1.2
777 verbose addNamed "1.1.2" is a plain semver version for sprintf-js
778 silly mapToRegistry name sprintf-js
779 silly mapToRegistry using default registry
780 silly mapToRegistry registry https://registry.npmjs.org/
781 silly mapToRegistry uri https://registry.npmjs.org/sprintf-js
782 verbose addNameVersion registry:https://registry.npmjs.org/sprintf-js not in flight; fetching
783 silly resolveWithNewModule fclone@1.0.11 checking installable status
784 silly cache add args [ 'fclone@1.0.11', null ]
785 verbose cache add spec fclone@1.0.11
786 silly cache add parsed spec Result {
786 silly cache add   raw: 'fclone@1.0.11',
786 silly cache add   scope: null,
786 silly cache add   name: 'fclone',
786 silly cache add   rawSpec: '1.0.11',
786 silly cache add   spec: '1.0.11',
786 silly cache add   type: 'version' }
787 silly addNamed fclone@1.0.11
788 verbose addNamed "1.0.11" is a plain semver version for fclone
789 silly mapToRegistry name fclone
790 silly mapToRegistry using default registry
791 silly mapToRegistry registry https://registry.npmjs.org/
792 silly mapToRegistry uri https://registry.npmjs.org/fclone
793 verbose addNameVersion registry:https://registry.npmjs.org/fclone not in flight; fetching
794 verbose stack Error: Missing required argument #1
794 verbose stack     at andLogAndFinish (/usr/share/npm/lib/fetch-package-metadata.js:31:3)
794 verbose stack     at fetchPackageMetadata (/usr/share/npm/lib/fetch-package-metadata.js:51:22)
794 verbose stack     at resolveWithNewModule (/usr/share/npm/lib/install/deps.js:456:12)
794 verbose stack     at /usr/share/npm/lib/install/deps.js:457:7
794 verbose stack     at /usr/share/npm/node_modules/iferr/index.js:13:50
794 verbose stack     at /usr/share/npm/lib/fetch-package-metadata.js:37:12
794 verbose stack     at addRequestedAndFinish (/usr/share/npm/lib/fetch-package-metadata.js:82:5)
794 verbose stack     at returnAndAddMetadata (/usr/share/npm/lib/fetch-package-metadata.js:117:7)
794 verbose stack     at pickVersionFromRegistryDocument (/usr/share/npm/lib/fetch-package-metadata.js:134:20)
794 verbose stack     at /usr/share/npm/node_modules/iferr/index.js:13:50
795 verbose cwd /var/www/app
796 error Linux 4.15.0-189-generic
797 error argv "/usr/bin/node" "/usr/bin/npm" "i" "-g" "pm2"
798 error node v8.10.0
799 error npm  v3.5.2
800 error code EMISSINGARG
801 error typeerror Error: Missing required argument #1
801 error typeerror     at andLogAndFinish (/usr/share/npm/lib/fetch-package-metadata.js:31:3)
801 error typeerror     at fetchPackageMetadata (/usr/share/npm/lib/fetch-package-metadata.js:51:22)
801 error typeerror     at resolveWithNewModule (/usr/share/npm/lib/install/deps.js:456:12)
801 error typeerror     at /usr/share/npm/lib/install/deps.js:457:7
801 error typeerror     at /usr/share/npm/node_modules/iferr/index.js:13:50
801 error typeerror     at /usr/share/npm/lib/fetch-package-metadata.js:37:12
801 error typeerror     at addRequestedAndFinish (/usr/share/npm/lib/fetch-package-metadata.js:82:5)
801 error typeerror     at returnAndAddMetadata (/usr/share/npm/lib/fetch-package-metadata.js:117:7)
801 error typeerror     at pickVersionFromRegistryDocument (/usr/share/npm/lib/fetch-package-metadata.js:134:20)
801 error typeerror     at /usr/share/npm/node_modules/iferr/index.js:13:50
802 error typeerror This is an error with npm itself. Please report this error at:
802 error typeerror     <http://github.com/npm/npm/issues>
803 verbose exit [ 1, true ]
